Found 134 hbonds.
donor 			 acceptor 		 occupancy
SegA-CYS249-Main 	 SegA-LEU245-Main 	 100.00%
SegB-LYS67-Side 	 SegB-GLU63-Side 	 100.00%
SegB-LYS279-Side 	 SegB-GLU275-Side 	 100.00%
SegB-LYS67-Side 	 SegB-TYR69-Side 	 100.00%
SegB-LYS330-Side 	 SegB-GLU65-Side 	 100.00%
SegB-LYS330-Side 	 SegB-ASP328-Side 	 100.00%
SegA-ILE244-Main 	 SegA-PHE240-Main 	 100.00%
SegB-ARG105-Side 	 SegB-ASP102-Side 	 200.00%
SegB-LYS128-Side 	 SegB-ASP160-Side 	 100.00%
SegB-GLY60-Main 	 SegB-TYR74-Side 	 100.00%
SegA-VAL168-Main 	 SegA-TYR164-Main 	 100.00%
SegA-LYS183-Main 	 SegA-LEU179-Main 	 100.00%
SegA-THR242-Side 	 SegA-PRO238-Main 	 100.00%
SegB-LYS279-Main 	 SegB-GLU275-Main 	 100.00%
SegA-LYS193-Side 	 SegA-THR197-Side 	 100.00%
SegB-GLN106-Main 	 SegB-ASP102-Main 	 100.00%
SegB-ARG161-Side 	 SegB-TYR167-Side 	 100.00%
SegB-THR77-Side 	 SegB-GLU58-Side 	 100.00%
SegB-THR170-Main 	 SegB-ASP173-Side 	 100.00%
SegA-PHE240-Main 	 SegA-TRP236-Main 	 100.00%
SegA-ARG194-Main 	 SegA-ARG190-Main 	 100.00%
SegB-ARG100-Side 	 SegB-ASP97-Side 	 100.00%
SegA-THR137-Side 	 SegA-VAL133-Main 	 100.00%
SegA-ILE102-Main 	 SegA-CYS98-Main 	 100.00%
SegB-VAL335-Main 	 SegB-ASN331-Main 	 100.00%
SegA-ALA109-Main 	 SegA-TYR105-Main 	 100.00%
SegA-SER259-Main 	 SegA-PRO255-Main 	 100.00%
SegB-THR324-Main 	 SegB-LEU268-Main 	 100.00%
SegA-ILE233-Main 	 SegA-LEU229-Main 	 100.00%
SegB-LEU268-Main 	 SegB-HIS322-Main 	 100.00%
SegA-GLY230-Main 	 SegA-ALA226-Main 	 100.00%
SegA-ILE234-Main 	 SegA-GLY230-Main 	 100.00%
SegB-THR321-Side 	 SegB-GLN304-Side 	 100.00%
SegA-ASN196-Main 	 SegA-ARG192-Main 	 100.00%
SegA-ARG199-Main 	 SegA-VAL195-Main 	 100.00%
SegA-ASN196-Side 	 SegA-GLU218-Side 	 100.00%
SegB-SER98-Side 	 SegB-ASP133-Side 	 100.00%
SegB-GLN137-Side 	 SegB-TRP131-Main 	 100.00%
SegB-LEU156-Main 	 SegB-ALA152-Main 	 100.00%
SegB-THR177-Side 	 SegB-TYR155-Side 	 100.00%
SegA-VAL133-Main 	 SegA-SER129-Main 	 100.00%
SegA-ASN152-Side 	 SegA-ASP150-Side 	 100.00%
SegA-ASN152-Main 	 SegA-ASP150-Side 	 100.00%
SegB-LYS51-Side 	 SegB-LYS51-Main 	 100.00%
SegA-THR116-Side 	 SegA-MET112-Main 	 100.00%
SegB-VAL339-Main 	 SegB-VAL335-Main 	 100.00%
SegB-ASN269-Side 	 SegB-SER44-Main 	 100.00%
SegA-TRP263-Main 	 SegA-SER259-Main 	 100.00%
SegB-ASN269-Main 	 SegB-VAL225-Main 	 100.00%
SegB-LYS277-Side 	 SegB-ASP231-Side 	 100.00%
SegA-LYS198-Side 	 SegB-GLU308-Side 	 100.00%
SegA-GLN223-Main 	 SegA-LYS219-Main 	 100.00%
SegA-ARG211-Side 	 SegA-GLU218-Side 	 200.00%
SegB-ASN149-Side 	 SegB-SER80-Side 	 100.00%
SegB-ARG178-Side 	 SegB-VAL174-Main 	 100.00%
SegA-ASP80-Main 	 SegA-ARG76-Main 	 100.00%
SegA-SER135-Side 	 SegA-VAL131-Main 	 100.00%
SegA-VAL83-Main 	 SegA-CYS79-Main 	 100.00%
SegA-THR41-Side 	 SegA-ASP103-Side 	 100.00%
SegA-SER93-Main 	 SegA-MET89-Main 	 100.00%
SegA-SER93-Side 	 SegA-ASP52-Side 	 100.00%
SegA-TRP263-Side 	 SegA-GLU67-Side 	 100.00%
SegB-LYS270-Side 	 SegB-GLU43-Side 	 100.00%
SegB-VAL225-Main 	 SegB-PHE267-Main 	 100.00%
SegB-PHE267-Main 	 SegB-PHE223-Main 	 100.00%
SegB-LEU266-Main 	 SegB-TYR320-Main 	 100.00%
SegB-LYS345-Side 	 SegB-GLU318-Side 	 100.00%
SegA-ARG199-Side 	 SegB-GLU308-Side 	 100.00%
SegB-LYS312-Side 	 SegB-ASP309-Side 	 100.00%
SegB-CYS139-Side 	 SegB-GLY135-Main 	 100.00%
SegB-ARG86-Side 	 SegB-ILE82-Main 	 100.00%
SegB-HIS188-Side 	 SegB-HIS195-Side 	 100.00%
SegB-PHE189-Main 	 SegB-PHE196-Main 	 100.00%
SegB-VAL34-Main 	 SegB-HIS195-Main 	 100.00%
SegA-ASN272-Side 	 SegA-ASP52-Side 	 100.00%
SegB-PHE223-Main 	 SegB-ILE265-Main 	 100.00%
SegB-ILE265-Main 	 SegB-ILE221-Main 	 100.00%
SegB-LEU348-Main 	 SegB-ILE344-Main 	 100.00%
SegB-GLU318-Main 	 SegB-SER263-Side 	 100.00%
SegB-GLY352-Main 	 SegB-LEU348-Main 	 100.00%
SegA-LYS217-Side 	 SegB-PHE354-Main 	 100.00%
SegA-LYS212-Side 	 SegB-LYS312-Main 	 100.00%
SegB-GLN306-Side 	 SegB-GLU289-Side 	 100.00%
SegB-LYS29-Side 	 SegB-ASP26-Side 	 100.00%
SegB-ARG32-Side 	 SegB-GLU28-Side 	 100.00%
SegB-LYS197-Side 	 SegB-HIS188-Side 	 100.00%
SegB-LYS197-Main 	 SegB-VAL34-Main 	 100.00%
SegA-ARG117-Side 	 SegA-THR40-Side 	 100.00%
SegB-LEU36-Main 	 SegB-LYS197-Main 	 100.00%
SegA-ALA49-Main 	 SegA-ILE45-Main 	 100.00%
SegA-ASP52-Main 	 SegA-LEU48-Main 	 100.00%
SegB-PHE199-Main 	 SegB-LEU36-Main 	 100.00%
SegB-LYS46-Side 	 SegB-ASP200-Side 	 100.00%
SegB-LEU38-Main 	 SegB-PHE199-Main 	 100.00%
SegB-ILE222-Main 	 SegB-LEU37-Main 	 100.00%
SegB-LEU39-Main 	 SegB-ILE222-Main 	 100.00%
SegA-ASN280-Side 	 SegB-ASP350-Side 	 100.00%
SegA-TYR276-Main 	 SegA-ASN272-Main 	 100.00%
SegA-ILE275-Main 	 SegA-VAL271-Main 	 100.00%
SegA-LYS220-Side 	 SegB-PHE354-Side 	 100.00%
SegB-SER246-Side 	 SegB-ARG242-Main 	 100.00%
SegB-ASN311-Side 	 SegB-LYS317-Main 	 100.00%
SegB-ARG142-Side 	 SegB-ILE93-Main 	 100.00%
SegB-LYS180-Side 	 SegB-ASP150-Side 	 100.00%
SegB-ASP26-Main 	 SegB-ASN22-Main 	 100.00%
SegB-LYS197-Side 	 SegB-GLU33-Side 	 100.00%
SegA-VAL50-Main 	 SegA-VAL46-Main 	 100.00%
SegB-ASP200-Main 	 SegB-VAL185-Main 	 100.00%
SegA-THR39-Side 	 SegA-GLU282-Side 	 100.00%
SegA-ASN24-Side 	 SegA-ILE20-Main 	 100.00%
SegA-THR277-Side 	 SegA-PRO273-Main 	 100.00%
SegB-LYS317-Side 	 SegB-THR262-Main 	 100.00%
SegB-LYS317-Side 	 SegB-PHE259-Main 	 100.00%
SegB-CYS254-Main 	 SegB-PHE250-Main 	 100.00%
SegB-GLU245-Main 	 SegB-ASN241-Main 	 100.00%
SegB-LYS248-Main 	 SegB-HIS244-Main 	 100.00%
SegB-ILE19-Main 	 SegB-ARG15-Main 	 100.00%
SegB-LYS35-Side 	 SegB-GLU33-Side 	 100.00%
SegA-CYS28-Side 	 SegA-ASN24-Main 	 100.00%
SegA-ASN42-Side 	 SegA-GLU282-Side 	 100.00%
SegA-VAL21-Main 	 SegA-ILE17-Main 	 100.00%
SegA-THR14-Main 	 SegA-ALA10-Main 	 100.00%
SegB-SER252-Side 	 SegB-LYS248-Main 	 100.00%
SegB-SER16-Main 	 SegB-ALA12-Main 	 100.00%
SegA-SER32-Side 	 SegA-CYS28-Main 	 100.00%
SegB-ARG205-Main 	 SegB-GLN204-Side 	 100.00%
SegA-LEU26-Main 	 SegA-PHE22-Main 	 100.00%
SegB-THR260-Side 	 SegB-ASN256-Main 	 100.00%
SegB-LYS92-Side 	 SegB-GLU8-Side 	 100.00%
SegA-GLU34-Main 	 SegA-ALA30-Main 	 100.00%
SegB-TRP258-Main 	 SegB-ASN256-Side 	 100.00%
SegA-LYS289-Side 	 SegA-GLU34-Side 	 100.00%
SegB-ARG205-Side 	 SegB-GLU207-Side 	 100.00%
SegA-CYS293-Side 	 SegA-LYS289-Main 	 100.00%
