Found 113 hbonds.
donor 			 acceptor 		 occupancy
SegA-CYS249-Main 	 SegA-LEU245-Main 	 100.00%
SegB-ARG130-Side 	 SegB-GLY126-Main 	 100.00%
SegA-VAL168-Main 	 SegA-TYR164-Main 	 100.00%
SegA-ILE244-Main 	 SegA-PHE240-Main 	 100.00%
SegA-ILE241-Main 	 SegA-LEU237-Main 	 100.00%
SegB-LYS272-Side 	 SegB-GLU276-Side 	 100.00%
SegB-THR280-Side 	 SegB-GLU276-Main 	 100.00%
SegB-ARG105-Side 	 SegB-ASP102-Side 	 200.00%
SegB-ILE163-Main 	 SegB-ASP159-Main 	 100.00%
SegA-THR242-Side 	 SegA-PRO238-Main 	 100.00%
SegB-SER302-Main 	 SegB-ASP298-Main 	 100.00%
SegA-THR91-Side 	 SegA-SER169-Side 	 100.00%
SegA-MET110-Main 	 SegA-THR106-Main 	 100.00%
SegA-TYR181-Main 	 SegA-THR177-Main 	 100.00%
SegA-TYR185-Main 	 SegA-TYR181-Main 	 100.00%
SegA-ILE234-Main 	 SegA-GLY230-Main 	 100.00%
SegA-VAL195-Main 	 SegA-ARG191-Main 	 100.00%
SegA-LYS193-Main 	 SegA-ARG189-Main 	 100.00%
SegB-TYR231-Side 	 SegB-LEU284-Main 	 100.00%
SegB-SER306-Main 	 SegB-SER302-Main 	 100.00%
SegA-ASN196-Side 	 SegA-GLU218-Side 	 100.00%
SegB-TYR168-Side 	 SegB-ASP159-Side 	 100.00%
SegB-ARG162-Side 	 SegB-ASP159-Side 	 100.00%
SegB-VAL72-Main 	 SegB-ASP59-Main 	 100.00%
SegA-THR106-Side 	 SegA-TYR118-Side 	 100.00%
SegA-TYR181-Side 	 SegA-SER101-Side 	 100.00%
SegA-SER101-Side 	 SegA-LEU97-Main 	 100.00%
SegA-SER259-Main 	 SegA-PRO255-Main 	 100.00%
SegB-ASN270-Main 	 SegB-VAL226-Main 	 100.00%
SegB-LEU269-Main 	 SegB-HIS323-Main 	 100.00%
SegB-LEU228-Main 	 SegB-ASN270-Main 	 100.00%
SegB-LYS278-Side 	 SegB-ASP232-Side 	 100.00%
SegB-GLN305-Side 	 SegB-GLU309-Side 	 100.00%
SegA-ARG211-Side 	 SegA-GLU218-Side 	 100.00%
SegB-GLN138-Side 	 SegB-TRP132-Main 	 100.00%
SegB-VAL85-Main 	 SegB-ILE81-Main 	 100.00%
SegA-VAL133-Main 	 SegA-SER129-Main 	 100.00%
SegA-SER135-Side 	 SegA-VAL131-Main 	 100.00%
SegA-ALA92-Main 	 SegA-MET88-Main 	 100.00%
SegA-ASN115-Main 	 SegA-PRO111-Main 	 100.00%
SegA-LEU97-Main 	 SegA-SER93-Main 	 100.00%
SegB-VAL340-Main 	 SegB-VAL336-Main 	 100.00%
SegB-THR341-Side 	 SegB-PHE337-Main 	 100.00%
SegB-ASN270-Side 	 SegB-SER44-Main 	 100.00%
SegA-TRP263-Main 	 SegA-SER259-Main 	 100.00%
SegB-PHE268-Main 	 SegB-PHE224-Main 	 100.00%
SegB-LEU267-Main 	 SegB-TYR321-Main 	 100.00%
SegB-LYS346-Side 	 SegB-ASP342-Main 	 100.00%
SegA-ARG191-Side 	 SegB-GLU319-Side 	 100.00%
SegA-LYS198-Side 	 SegB-GLU309-Side 	 100.00%
SegB-GLU309-Main 	 SegB-GLN305-Main 	 100.00%
SegB-LYS313-Side 	 SegB-GLU309-Side 	 100.00%
SegB-TYR303-Side 	 SegB-PHE288-Main 	 100.00%
SegA-VAL124-Main 	 SegA-SER120-Main 	 100.00%
SegA-MET127-Main 	 SegA-ARG123-Main 	 100.00%
SegA-VAL83-Main 	 SegA-CYS79-Main 	 100.00%
SegA-TYR114-Side 	 SegA-ASP103-Side 	 100.00%
SegA-SER93-Side 	 SegA-ASP52-Side 	 100.00%
SegA-ASN272-Side 	 SegA-ASP52-Side 	 100.00%
SegB-ILE320-Main 	 SegB-ASN312-Side 	 100.00%
SegA-LYS217-Side 	 SegB-PHE355-Side 	 100.00%
SegB-LYS307-Side 	 SegB-GLU290-Side 	 100.00%
SegB-ILE93-Main 	 SegB-MET88-Main 	 100.00%
SegB-LYS10-Side 	 SegB-GLU14-Side 	 100.00%
SegA-SER120-Side 	 SegB-GLU28-Side 	 100.00%
SegA-THR125-Main 	 SegA-LYS121-Main 	 100.00%
SegB-PHE190-Main 	 SegB-PHE197-Main 	 100.00%
SegA-TRP72-Side 	 SegA-SER75-Main 	 100.00%
SegB-ILE266-Main 	 SegB-ILE222-Main 	 100.00%
SegB-ILE223-Main 	 SegB-LEU37-Main 	 100.00%
SegB-ASN312-Side 	 SegB-LYS318-Main 	 100.00%
SegA-LYS220-Side 	 SegB-PHE355-Main 	 100.00%
SegB-SER247-Main 	 SegB-ARG243-Main 	 100.00%
SegB-ARG314-Side 	 SegB-ASP310-Side 	 100.00%
SegB-TYR147-Side 	 SegB-CYS140-Main 	 100.00%
SegB-LEU91-Main 	 SegB-ALA87-Main 	 100.00%
SegB-SER144-Side 	 SegB-PHE141-Main 	 100.00%
SegB-ARG15-Side 	 SegB-ASN90-Side 	 100.00%
SegA-ARG122-Side 	 SegB-ASP20-Side 	 100.00%
SegB-LYS198-Main 	 SegB-VAL34-Main 	 100.00%
SegB-LEU36-Main 	 SegB-LYS198-Main 	 100.00%
SegA-ASP52-Main 	 SegA-LEU48-Main 	 100.00%
SegB-LYS46-Side 	 SegB-ASP201-Side 	 100.00%
SegA-VAL63-Main 	 SegA-VAL59-Main 	 100.00%
SegB-LEU38-Main 	 SegB-PHE200-Main 	 100.00%
SegA-TYR276-Main 	 SegA-ASN272-Main 	 100.00%
SegB-LYS318-Side 	 SegB-THR263-Main 	 100.00%
SegA-LEU13-Main 	 SegA-TYR9-Main 	 100.00%
SegA-TYR9-Main 	 SegA-HIS5-Main 	 100.00%
SegB-ILE19-Main 	 SegB-ARG15-Main 	 100.00%
SegB-ASN22-Side 	 SegB-ASN22-Main 	 100.00%
SegB-LEU23-Main 	 SegB-ILE19-Main 	 100.00%
SegB-ARG24-Side 	 SegB-ASP20-Side 	 100.00%
SegB-LYS198-Side 	 SegB-GLU33-Side 	 100.00%
SegB-ASP201-Main 	 SegB-VAL186-Main 	 100.00%
SegA-VAL50-Main 	 SegA-VAL46-Main 	 100.00%
SegA-ASN42-Side 	 SegA-GLU282-Side 	 100.00%
SegB-THR263-Side 	 SegB-VAL219-Main 	 100.00%
SegA-ASN24-Side 	 SegA-ILE20-Main 	 100.00%
SegA-THR277-Side 	 SegA-PRO273-Main 	 100.00%
SegA-THR14-Main 	 SegA-ALA10-Main 	 100.00%
SegB-CYS255-Main 	 SegB-PHE251-Main 	 100.00%
SegA-THR11-Side 	 SegA-ASN7-Main 	 100.00%
SegB-LYS249-Side 	 SegB-GLU240-Side 	 100.00%
SegB-ARG143-Side 	 SegB-GLU146-Side 	 100.00%
SegB-ASP9-Main 	 SegB-VAL5-Main 	 100.00%
SegA-PHE22-Main 	 SegA-ALA18-Main 	 100.00%
SegA-GLY23-Main 	 SegA-VAL19-Main 	 100.00%
SegB-SER253-Side 	 SegB-LYS249-Main 	 100.00%
SegB-ASN256-Side 	 SegB-ASP252-Main 	 100.00%
SegA-GLU34-Main 	 SegA-ALA30-Main 	 100.00%
SegA-ILE290-Main 	 SegA-ALA286-Main 	 100.00%
SegB-TRP259-Main 	 SegB-ASN257-Side 	 100.00%
