Found 130 hbonds.
donor 			 acceptor 		 occupancy
SegA-GLN271-Main 	 SegA-PHE264-Main 	 100.00%
SegA-CYS274-Side 	 SegA-GLN271-Main 	 100.00%
SegB-LYS272-Side 	 SegB-GLU276-Side 	 100.00%
SegB-ARG105-Side 	 SegB-ASP102-Side 	 200.00%
SegB-ILE128-Main 	 SegB-LEU124-Main 	 100.00%
SegA-SER174-Side 	 SegA-HIS147-Main 	 100.00%
SegA-ALA178-Main 	 SegA-SER174-Main 	 100.00%
SegA-SER182-Side 	 SegA-ALA178-Main 	 100.00%
SegB-SER302-Main 	 SegB-ASP298-Main 	 100.00%
SegB-SER302-Side 	 SegB-ASP298-Main 	 100.00%
SegB-ILE163-Main 	 SegB-ASP159-Main 	 100.00%
SegA-SER185-Side 	 SegA-SER181-Main 	 100.00%
SegA-PHE256-Main 	 SegA-TRP252-Main 	 100.00%
SegB-CYS326-Side 	 SegB-ASP273-Side 	 100.00%
SegB-SER99-Side 	 SegB-ASP103-Side 	 100.00%
SegB-TYR168-Side 	 SegB-ASP159-Side 	 100.00%
SegB-ARG162-Side 	 SegB-ASP159-Side 	 100.00%
SegA-THR196-Side 	 SegA-SER101-Main 	 100.00%
SegB-LEU269-Main 	 SegB-HIS323-Main 	 100.00%
SegA-ILE208-Main 	 SegA-ALA204-Main 	 100.00%
SegB-LYS278-Side 	 SegB-ASP232-Side 	 100.00%
SegB-SER306-Side 	 SegB-SER302-Main 	 100.00%
SegB-TYR231-Side 	 SegB-LEU284-Main 	 100.00%
SegA-SER225-Side 	 SegA-GLU224-Main 	 100.00%
SegB-GLN138-Side 	 SegB-TRP132-Main 	 100.00%
SegB-ILE81-Main 	 SegB-THR77-Main 	 100.00%
SegB-THR171-Main 	 SegB-ASP174-Side 	 100.00%
SegA-LEU133-Main 	 SegA-VAL129-Main 	 100.00%
SegA-LYS117-Main 	 SegA-ARG113-Main 	 100.00%
SegA-THR91-Side 	 SegA-ILE87-Main 	 100.00%
SegA-LEU95-Main 	 SegA-THR91-Main 	 100.00%
SegA-ALA107-Main 	 SegA-ASP103-Main 	 100.00%
SegA-TYR197-Side 	 SegA-SER101-Side 	 100.00%
SegB-ASN270-Side 	 SegB-SER44-Main 	 100.00%
SegA-ARG210-Side 	 SegB-ASP342-Side 	 100.00%
SegA-GLN207-Side 	 SegB-ASP342-Side 	 100.00%
SegB-LEU267-Main 	 SegB-TYR321-Main 	 100.00%
SegA-VAL284-Main 	 SegA-PHE280-Main 	 100.00%
SegA-ASP281-Main 	 SegA-SER277-Main 	 100.00%
SegB-LEU228-Main 	 SegB-ASN270-Main 	 100.00%
SegA-SER242-Side 	 SegA-LEU238-Main 	 100.00%
SegA-ALA218-Main 	 SegA-GLU215-Main 	 100.00%
SegB-ALA96-Main 	 SegB-ASP134-Side 	 100.00%
SegB-VAL85-Main 	 SegB-ILE81-Main 	 100.00%
SegB-SER80-Side 	 SegB-ASN76-Main 	 100.00%
SegB-ARG177-Main 	 SegB-ASP174-Main 	 100.00%
SegB-THR178-Side 	 SegB-TYR156-Side 	 100.00%
SegA-LEU126-Main 	 SegA-ALA122-Main 	 100.00%
SegA-VAL129-Main 	 SegA-ILE125-Main 	 100.00%
SegA-THR132-Main 	 SegA-SER128-Main 	 100.00%
SegA-SER134-Side 	 SegA-ALA130-Main 	 100.00%
SegA-SER138-Side 	 SegA-SER134-Main 	 100.00%
SegA-ASN96-Side 	 SegA-ASN96-Main 	 100.00%
SegA-THR91-Main 	 SegA-ILE87-Main 	 100.00%
SegA-ARG104-Side 	 SegA-TYR298-Side 	 100.00%
SegB-LYS346-Side 	 SegB-GLU319-Side 	 100.00%
SegA-GLU234-Main 	 SegA-GLU234-Side 	 100.00%
SegB-LYS307-Side 	 SegB-GLU290-Side 	 100.00%
SegB-SER152-Side 	 SegB-SER62-Side 	 100.00%
SegB-ARG32-Side 	 SegB-GLU28-Side 	 100.00%
SegA-THR119-Side 	 SegB-GLU28-Side 	 100.00%
SegA-SER128-Side 	 SegA-PHE124-Main 	 100.00%
SegA-CYS89-Main 	 SegA-PHE85-Main 	 100.00%
SegA-VAL83-Main 	 SegA-CYS79-Main 	 100.00%
SegA-SER48-Side 	 SegA-ASN96-Side 	 100.00%
SegA-SER52-Side 	 SegA-SER93-Side 	 100.00%
SegA-THR42-Side 	 SegA-ASP103-Side 	 100.00%
SegA-SER93-Side 	 SegA-ASP53-Side 	 100.00%
SegB-PHE224-Main 	 SegB-ILE266-Main 	 100.00%
SegB-LEU349-Main 	 SegB-ILE345-Main 	 100.00%
SegB-CYS225-Main 	 SegB-LEU39-Main 	 100.00%
SegB-ILE266-Main 	 SegB-ILE222-Main 	 100.00%
SegB-LYS350-Main 	 SegB-LYS346-Main 	 100.00%
SegB-LEU354-Main 	 SegB-LEU349-Main 	 100.00%
SegB-GLY353-Main 	 SegB-LEU349-Main 	 100.00%
SegA-TRP285-Side 	 SegA-GLU68-Side 	 100.00%
SegB-ILE93-Main 	 SegB-MET88-Main 	 100.00%
SegB-LYS10-Side 	 SegB-GLU14-Side 	 100.00%
SegB-TYR147-Side 	 SegB-CYS140-Main 	 100.00%
SegB-ARG70-Side 	 SegB-GLU64-Side 	 100.00%
SegB-ARG70-Main 	 SegB-SER62-Main 	 100.00%
SegA-SER77-Side 	 SegA-GLU164-Side 	 100.00%
SegA-GLU164-Main 	 SegA-GLU164-Side 	 100.00%
SegB-LYS198-Main 	 SegB-VAL34-Main 	 100.00%
SegB-VAL34-Main 	 SegB-HIS196-Main 	 100.00%
SegA-TRP131-Side 	 SegA-SER48-Side 	 100.00%
SegA-CYS79-Main 	 SegA-GLY76-Main 	 100.00%
SegB-LYS46-Side 	 SegB-ASP201-Side 	 100.00%
SegA-ASP53-Main 	 SegA-LEU49-Main 	 100.00%
SegB-ILE223-Main 	 SegB-LEU37-Main 	 100.00%
SegA-ASN294-Side 	 SegA-ASP53-Side 	 100.00%
SegA-SER291-Side 	 SegA-ASP53-Side 	 100.00%
SegA-LYS64-Main 	 SegA-VAL60-Main 	 100.00%
SegB-CYS352-Main 	 SegB-ASN348-Main 	 100.00%
SegA-ILE297-Main 	 SegA-LEU293-Main 	 100.00%
SegB-SER247-Main 	 SegB-ARG243-Main 	 100.00%
SegB-ARG314-Side 	 SegB-ASP310-Side 	 100.00%
SegB-MET18-Main 	 SegB-GLU14-Main 	 100.00%
SegB-GLN68-Side 	 SegB-GLU64-Side 	 100.00%
SegB-LEU23-Main 	 SegB-ILE19-Main 	 100.00%
SegA-LYS121-Side 	 SegB-ASP20-Side 	 100.00%
SegB-ARG24-Side 	 SegB-ASP20-Side 	 200.00%
SegB-LEU36-Main 	 SegB-LYS198-Main 	 100.00%
SegB-THR263-Side 	 SegB-VAL219-Main 	 100.00%
SegA-ASN301-Side 	 SegB-ASP351-Side 	 100.00%
SegB-LYS318-Side 	 SegB-THR261-Main 	 100.00%
SegA-LEU13-Main 	 SegA-THR9-Main 	 100.00%
SegB-THR317-Side 	 SegB-ASP316-Main 	 100.00%
SegA-ALA10-Main 	 SegA-ARG6-Main 	 100.00%
SegA-ILE7-Main 	 SegA-PHE3-Main 	 100.00%
SegB-ALA12-Main 	 SegB-GLU8-Main 	 100.00%
SegB-SER16-Main 	 SegB-ALA12-Main 	 100.00%
SegB-CYS66-Side 	 SegB-GLN148-Side 	 100.00%
SegB-LYS181-Side 	 SegB-GLU63-Side 	 100.00%
SegB-TYR69-Side 	 SegB-GLU63-Side 	 100.00%
SegB-LYS198-Side 	 SegB-TYR69-Side 	 100.00%
SegB-LYS198-Side 	 SegB-GLU33-Side 	 100.00%
SegA-ARG305-Main 	 SegA-ASN301-Main 	 100.00%
SegA-THR20-Main 	 SegA-LEU16-Main 	 100.00%
SegA-ILE17-Main 	 SegA-LEU13-Main 	 100.00%
SegA-SER14-Main 	 SegA-ALA10-Main 	 100.00%
SegA-CYS11-Main 	 SegA-ILE7-Main 	 100.00%
SegB-ARG143-Side 	 SegB-GLU146-Side 	 100.00%
SegB-ASP9-Main 	 SegB-VAL5-Main 	 100.00%
SegA-LYS306-Side 	 SegA-ASP303-Side 	 100.00%
SegA-LEU22-Main 	 SegA-LEU18-Main 	 100.00%
SegA-ALA30-Main 	 SegA-LEU26-Main 	 100.00%
SegA-SER309-Main 	 SegA-ARG305-Main 	 100.00%
SegB-ARG206-Side 	 SegB-GLU208-Side 	 100.00%
SegA-THR310-Side 	 SegA-LYS306-Main 	 100.00%
