1 A ARG 459.62774658203125
2 A ASP 164.57582092285156
3 A PHE 227.0247039794922
4 A SER 174.00469970703125
5 A VAL 183.46461486816406
6 A ARG 202.26194763183594
7 A ILE 145.12200927734375
8 A LEU 243.69175720214844
9 A THR 151.3639373779297
10 A ALA 154.30133056640625
11 A CYS 119.3350830078125
12 A PHE 181.77896118164063
13 A LEU 89.1336441040039
14 A SER 145.98504638671875
15 A LEU 247.3918914794922
16 A LEU 130.68069458007813
17 A ILE 195.01168823242188
18 A LEU 218.6765899658203
19 A SER 143.7342071533203
20 A THR 50.43128204345703
21 A LEU 202.6866455078125
22 A LEU 165.27394104003906
23 A GLY 127.94917297363281
24 A ASN 120.16342163085938
25 A THR 136.55230712890625
26 A LEU 171.63833618164063
27 A VAL 75.93118286132813
28 A CYS 100.0645751953125
29 A ALA 83.63331604003906
30 A ALA 70.93639373779297
31 A VAL 93.51426696777344
32 A ILE 173.57521057128906
33 A ARG 241.8680877685547
34 A PHE 112.87757110595703
35 A ARG 247.843994140625
36 A HIS 135.82357788085938
37 A LEU 42.912593841552734
38 A ARG 191.84091186523438
39 A SER 131.59519958496094
40 A LYS 149.46241760253906
41 A VAL 71.0593490600586
42 A THR 65.81710052490234
43 A ASN 142.3734893798828
44 A PHE 81.6290512084961
45 A PHE 67.60971069335938
46 A VAL 90.2795181274414
47 A ILE 136.73138427734375
48 A SER 107.08573150634766
49 A LEU 84.80780792236328
50 A ALA 77.2489242553711
51 A VAL 192.3286895751953
52 A SER 144.55795288085938
53 A ASP 133.9038543701172
54 A LEU 199.53887939453125
55 A LEU 113.15480041503906
56 A VAL 53.31740951538086
57 A ALA 76.89414978027344
58 A VAL 190.16041564941406
59 A LEU 63.544281005859375
60 A VAL 22.969303131103516
61 A MET 68.58507537841797
62 A PRO 52.918209075927734
63 A TRP 136.73745727539063
64 A LYS 66.09365844726563
65 A ALA 161.97203063964844
66 A VAL 129.3098907470703
67 A ALA 203.32199096679688
68 A GLU 113.03155517578125
69 A ILE 132.39109802246094
70 A ALA 170.0542449951172
71 A GLY 60.28200912475586
72 A PHE 137.51422119140625
73 A TRP 104.26109313964844
74 A PRO 149.81878662109375
75 A PHE 89.1317367553711
76 A GLY 21.463350296020508
77 A SER 82.75455474853516
78 A PHE 174.59193420410156
79 A CYS 107.60242462158203
80 A ASN 102.302001953125
81 A ILE 124.84725189208984
82 A TRP 132.5116424560547
83 A VAL 91.9296875
84 A ALA 27.66587257385254
85 A PHE 91.6454849243164
86 A ASP 177.71676635742188
87 A ILE 59.62236022949219
88 A MET 45.953338623046875
89 A CYS 69.927490234375
90 A SER 117.66779327392578
91 A THR 81.81857299804688
92 A ALA 165.72042846679688
93 A SER 70.43082427978516
94 A ILE 109.51862335205078
95 A LEU 117.10679626464844
96 A ASN 89.07727813720703
97 A LEU 108.11471557617188
98 A CYS 58.61533737182617
99 A VAL 121.83336639404297
100 A ILE 203.73973083496094
101 A SER 44.53938293457031
102 A VAL 95.67684173583984
103 A ASP 96.71833038330078
104 A ARG 156.7317352294922
105 A TYR 155.12525939941406
106 A TRP 180.33433532714844
107 A ALA 139.75030517578125
108 A ILE 120.5940170288086
109 A SER 63.707210540771484
110 A SER 126.17811584472656
111 A PRO 95.885498046875
112 A PHE 152.23300170898438
113 A ARG 173.56272888183594
114 A TYR 142.03421020507813
115 A GLU 210.4315948486328
116 A ARG 183.731201171875
117 A LYS 280.1905212402344
118 A MET 97.75494384765625
119 A THR 157.2943878173828
120 A PRO 136.32125854492188
121 A LYS 180.9720916748047
122 A ALA 157.61338806152344
123 A ALA 105.0830307006836
124 A PHE 145.79733276367188
125 A ILE 132.75064086914063
126 A LEU 110.12505340576172
127 A ILE 94.20140075683594
128 A SER 105.20862579345703
129 A VAL 198.38807678222656
130 A ALA 167.8979034423828
131 A TRP 133.69802856445313
132 A THR 163.70541381835938
133 A LEU 185.64915466308594
134 A SER 40.16339874267578
135 A VAL 179.7051239013672
136 A LEU 119.47648620605469
137 A ILE 86.8498306274414
138 A SER 80.99713134765625
139 A PHE 105.65892791748047
140 A ILE 82.24485778808594
141 A PRO 84.36132049560547
142 A VAL 78.81136322021484
143 A GLN 223.271484375
144 A LEU 124.86054229736328
145 A SER 252.77731323242188
146 A TRP 266.8423767089844
147 A HIS 103.92511749267578
148 A LYS 153.39752197265625
149 A ALA 120.4787368774414
150 A LYS 183.24310302734375
151 A PRO 166.18190002441406
152 A THR 106.48030090332031
153 A SER 98.26366424560547
154 A PRO 93.08714294433594
155 A SER 190.6531524658203
156 A ASP 127.22219848632813
157 A GLY 62.066009521484375
158 A ASN 192.02833557128906
159 A ALA 76.26656341552734
160 A THR 155.9119415283203
161 A SER 192.9688262939453
162 A LEU 265.79443359375
163 A ALA 46.39641571044922
164 A GLU 108.7757568359375
165 A THR 161.679443359375
166 A ILE 187.9244842529297
167 A ASP 218.2373046875
168 A ASN 112.86713409423828
169 A CYS 169.79275512695313
170 A ASP 152.5125732421875
171 A SER 180.146484375
172 A SER 208.89564514160156
173 A LEU 218.06332397460938
174 A SER 51.73786926269531
175 A ARG 161.6844482421875
176 A THR 200.1475830078125
177 A TYR 174.10845947265625
178 A ALA 25.870338439941406
179 A ILE 203.43946838378906
180 A SER 77.64067077636719
181 A SER 127.40491485595703
182 A SER 146.43943786621094
183 A VAL 139.8923797607422
184 A ILE 118.04951477050781
185 A SER 159.10426330566406
186 A PHE 99.48210906982422
187 A TYR 226.81161499023438
188 A ILE 154.8250274658203
189 A PRO 38.55140686035156
190 A VAL 108.76509857177734
191 A ALA 74.64408111572266
192 A ILE 99.06978607177734
193 A MET 129.2208251953125
194 A ILE 167.18475341796875
195 A VAL 113.30902862548828
196 A THR 37.07712936401367
197 A TYR 53.79108810424805
198 A THR 142.09095764160156
199 A ARG 117.38399505615234
200 A ILE 75.06632232666016
201 A TYR 186.65826416015625
202 A ARG 180.57131958007813
203 A ILE 99.8567123413086
204 A ALA 81.38510131835938
205 A GLN 173.84439086914063
206 A LYS 283.5823974609375
207 A GLN 130.3112335205078
208 A ILE 190.1884002685547
209 A ARG 244.46322631835938
210 A ARG 265.372314453125
211 A ILE 254.91363525390625
212 A ALA 122.39736938476563
213 A ALA 67.91349029541016
214 A LEU 127.19140625
215 A GLU 143.9772491455078
216 A ARG 172.7525177001953
217 A ALA 129.42684936523438
218 A ALA 65.8406982421875
219 A ALA 46.48411560058594
220 A ALA 71.24333953857422
221 A SER 36.88393020629883
222 A GLN 78.36852264404297
223 A PRO 64.86678314208984
224 A GLU 152.7872314453125
225 A SER 42.86109924316406
226 A SER 149.40000915527344
227 A PHE 208.24392700195313
228 A LYS 160.50157165527344
229 A MET 59.75352478027344
230 A SER 56.68250274658203
231 A PHE 138.2399444580078
232 A LYS 163.44778442382813
233 A ARG 151.71014404296875
234 A GLU 163.97647094726563
235 A THR 165.598876953125
236 A LYS 113.87793731689453
237 A VAL 192.62623596191406
238 A LEU 240.02113342285156
239 A LYS 242.24813842773438
240 A THR 139.15866088867188
241 A LEU 121.12071228027344
242 A SER 74.54613494873047
243 A VAL 154.39605712890625
244 A ILE 108.7526626586914
245 A MET 128.95834350585938
246 A GLY 133.83168029785156
247 A VAL 83.00775909423828
248 A PHE 60.466434478759766
249 A VAL 170.17623901367188
250 A CYS 149.8040008544922
251 A CYS 30.300457000732422
252 A TRP 85.34537506103516
253 A LEU 133.02926635742188
254 A PRO 82.44622039794922
255 A PHE 112.95474243164063
256 A PHE 149.74301147460938
257 A ILE 127.29839324951172
258 A LEU 170.4183807373047
259 A ASN 155.39637756347656
260 A CYS 96.65016174316406
261 A ILE 107.6320571899414
262 A LEU 179.9237060546875
263 A PRO 69.2279281616211
264 A PHE 105.12969970703125
265 A CYS 105.24539184570313
266 A GLY 62.82099151611328
267 A SER 121.58456420898438
268 A GLY 87.62055206298828
269 A GLU 146.51438903808594
270 A THR 107.37054443359375
271 A GLN 164.67019653320313
272 A PRO 152.63514709472656
273 A PHE 248.58596801757813
274 A CYS 109.16011810302734
275 A ILE 46.942535400390625
276 A ASP 170.92205810546875
277 A SER 177.9864959716797
278 A ASN 158.15878295898438
279 A THR 148.93324279785156
280 A PHE 152.52670288085938
281 A ASP 139.13177490234375
282 A VAL 176.0242919921875
283 A PHE 185.80787658691406
284 A VAL 90.81816101074219
285 A TRP 153.67160034179688
286 A PHE 192.83294677734375
287 A GLY 64.26775360107422
288 A TRP 138.16940307617188
289 A ALA 142.9280242919922
290 A ASN 143.61151123046875
291 A SER 145.5991668701172
292 A SER 126.18497467041016
293 A LEU 130.72959899902344
294 A ASN 80.0384750366211
295 A PRO 137.85317993164063
296 A ILE 273.031982421875
297 A ILE 210.9628143310547
298 A TYR 153.31405639648438
299 A ALA 122.49706268310547
300 A PHE 188.76190185546875
301 A ASN 44.050472259521484
302 A ALA 75.61650848388672
303 A ASP 65.13524627685547
304 A PHE 70.14387512207031
305 A ARG 176.54661560058594
306 A LYS 140.06199645996094
307 A ALA 70.72188568115234
308 A PHE 99.04048156738281
309 A SER 112.40677642822266
310 A THR 172.9361114501953
311 A LEU 108.32106018066406
312 A LEU 165.0580596923828
313 A GLY 104.25830078125
314 A CYS 277.7728576660156
1 B MET 459.62774658203125
2 B GLY 164.57582092285156
3 B CYS 227.0247039794922
4 B THR 174.00469970703125
5 B VAL 183.46461486816406
6 B SER 202.26194763183594
7 B ALA 145.12200927734375
8 B GLU 243.69175720214844
9 B ASP 151.3639373779297
10 B LYS 154.30133056640625
11 B ALA 119.3350830078125
12 B ALA 181.77896118164063
13 B ALA 89.1336441040039
14 B GLU 145.98504638671875
15 B ARG 247.3918914794922
16 B SER 130.68069458007813
17 B LYS 195.01168823242188
18 B MET 218.6765899658203
19 B ILE 143.7342071533203
20 B ASP 50.43128204345703
21 B LYS 202.6866455078125
22 B ASN 165.27394104003906
23 B LEU 127.94917297363281
24 B ARG 120.16342163085938
25 B GLU 136.55230712890625
26 B ASP 171.63833618164063
27 B GLY 75.93118286132813
28 B GLU 100.0645751953125
29 B LYS 83.63331604003906
30 B ALA 70.93639373779297
31 B ALA 93.51426696777344
32 B ARG 173.57521057128906
33 B GLU 241.8680877685547
34 B VAL 112.87757110595703
35 B LYS 247.843994140625
36 B LEU 135.82357788085938
37 B LEU 42.912593841552734
38 B LEU 191.84091186523438
39 B LEU 131.59519958496094
40 B GLY 149.46241760253906
41 B ALA 71.0593490600586
42 B GLY 65.81710052490234
43 B GLU 142.3734893798828
44 B SER 81.6290512084961
45 B GLY 67.60971069335938
46 B LYS 90.2795181274414
47 B SER 136.73138427734375
48 B THR 107.08573150634766
49 B ILE 84.80780792236328
50 B VAL 77.2489242553711
51 B LYS 192.3286895751953
52 B GLN 144.55795288085938
53 B MET 133.9038543701172
54 B LYS 199.53887939453125
55 B ILE 113.15480041503906
56 B ILE 53.31740951538086
57 B HIS 76.89414978027344
58 B GLU 190.16041564941406
59 B ASP 63.544281005859375
60 B GLY 22.969303131103516
61 B TYR 68.58507537841797
62 B SER 52.918209075927734
63 B GLU 136.73745727539063
64 B GLU 66.09365844726563
65 B GLU 161.97203063964844
66 B CYS 129.3098907470703
67 B ARG 203.32199096679688
68 B GLN 113.03155517578125
69 B TYR 132.39109802246094
70 B ARG 170.0542449951172
71 B ALA 60.28200912475586
72 B VAL 137.51422119140625
73 B VAL 104.26109313964844
74 B TYR 149.81878662109375
75 B SER 89.1317367553711
76 B ASN 21.463350296020508
77 B THR 82.75455474853516
78 B ILE 174.59193420410156
79 B GLN 107.60242462158203
80 B SER 102.302001953125
81 B ILE 124.84725189208984
82 B MET 132.5116424560547
83 B ALA 91.9296875
84 B ILE 27.66587257385254
85 B VAL 91.6454849243164
86 B LYS 177.71676635742188
87 B ALA 59.62236022949219
88 B MET 45.953338623046875
89 B GLY 69.927490234375
90 B ASN 117.66779327392578
91 B LEU 81.81857299804688
92 B GLN 165.72042846679688
93 B ILE 70.43082427978516
94 B ASP 109.51862335205078
95 B PHE 117.10679626464844
96 B ALA 89.07727813720703
97 B ASP 108.11471557617188
98 B PRO 58.61533737182617
99 B SER 121.83336639404297
100 B ARG 203.73973083496094
101 B ALA 44.53938293457031
102 B ASP 95.67684173583984
103 B ASP 96.71833038330078
104 B ALA 156.7317352294922
105 B ARG 155.12525939941406
106 B GLN 180.33433532714844
107 B LEU 139.75030517578125
108 B PHE 120.5940170288086
109 B ALA 63.707210540771484
110 B LEU 126.17811584472656
111 B SER 95.885498046875
112 B CYS 152.23300170898438
113 B THR 173.56272888183594
114 B ALA 142.03421020507813
115 B GLU 210.4315948486328
116 B GLU 183.731201171875
117 B GLN 280.1905212402344
118 B GLY 97.75494384765625
119 B VAL 157.2943878173828
120 B LEU 136.32125854492188
121 B PRO 180.9720916748047
122 B ASP 157.61338806152344
123 B ASP 105.0830307006836
124 B LEU 145.79733276367188
125 B SER 132.75064086914063
126 B GLY 110.12505340576172
127 B VAL 94.20140075683594
128 B ILE 105.20862579345703
129 B ARG 198.38807678222656
130 B ARG 167.8979034423828
131 B LEU 133.69802856445313
132 B TRP 163.70541381835938
133 B ALA 185.64915466308594
134 B ASP 40.16339874267578
135 B HIS 179.7051239013672
136 B GLY 119.47648620605469
137 B VAL 86.8498306274414
138 B GLN 80.99713134765625
139 B ALA 105.65892791748047
140 B CYS 82.24485778808594
141 B PHE 84.36132049560547
142 B GLY 78.81136322021484
143 B ARG 223.271484375
144 B SER 124.86054229736328
145 B ARG 252.77731323242188
146 B GLU 266.8423767089844
147 B TYR 103.92511749267578
148 B GLN 153.39752197265625
149 B LEU 120.4787368774414
150 B ASN 183.24310302734375
151 B ASP 166.18190002441406
152 B SER 106.48030090332031
153 B ALA 98.26366424560547
154 B ALA 93.08714294433594
155 B TYR 190.6531524658203
156 B TYR 127.22219848632813
157 B LEU 62.066009521484375
158 B ASN 192.02833557128906
159 B ASP 76.26656341552734
160 B LEU 155.9119415283203
161 B GLU 192.9688262939453
162 B ARG 265.79443359375
163 B ILE 46.39641571044922
164 B ALA 108.7757568359375
165 B GLN 161.679443359375
166 B SER 187.9244842529297
167 B ASP 218.2373046875
168 B TYR 112.86713409423828
169 B ILE 169.79275512695313
170 B PRO 152.5125732421875
171 B THR 180.146484375
172 B GLN 208.89564514160156
173 B GLN 218.06332397460938
174 B ASP 51.73786926269531
175 B VAL 161.6844482421875
176 B LEU 200.1475830078125
177 B ARG 174.10845947265625
178 B THR 25.870338439941406
179 B ARG 203.43946838378906
180 B VAL 77.64067077636719
181 B LYS 127.40491485595703
182 B THR 146.43943786621094
183 B THR 139.8923797607422
184 B GLY 118.04951477050781
185 B ILE 159.10426330566406
186 B VAL 99.48210906982422
187 B GLU 226.81161499023438
188 B THR 154.8250274658203
189 B HIS 38.55140686035156
190 B PHE 108.76509857177734
191 B THR 74.64408111572266
192 B PHE 99.06978607177734
193 B LYS 129.2208251953125
194 B ASP 167.18475341796875
195 B LEU 113.30902862548828
196 B HIS 37.07712936401367
197 B PHE 53.79108810424805
198 B LYS 142.09095764160156
199 B MET 117.38399505615234
200 B PHE 75.06632232666016
201 B ASP 186.65826416015625
202 B VAL 180.57131958007813
203 B GLY 99.8567123413086
204 B GLY 81.38510131835938
205 B GLN 173.84439086914063
206 B ARG 283.5823974609375
207 B SER 130.3112335205078
208 B GLU 190.1884002685547
209 B ARG 244.46322631835938
210 B LYS 265.372314453125
211 B LYS 254.91363525390625
212 B TRP 122.39736938476563
213 B ILE 67.91349029541016
214 B HIS 127.19140625
215 B CYS 143.9772491455078
216 B PHE 172.7525177001953
217 B GLU 129.42684936523438
218 B GLY 65.8406982421875
219 B VAL 46.48411560058594
220 B THR 71.24333953857422
221 B ALA 36.88393020629883
222 B ILE 78.36852264404297
223 B ILE 64.86678314208984
224 B PHE 152.7872314453125
225 B CYS 42.86109924316406
226 B VAL 149.40000915527344
227 B ALA 208.24392700195313
228 B LEU 160.50157165527344
229 B SER 59.75352478027344
230 B ALA 56.68250274658203
231 B TYR 138.2399444580078
232 B ASP 163.44778442382813
233 B LEU 151.71014404296875
234 B VAL 163.97647094726563
235 B LEU 165.598876953125
236 B ALA 113.87793731689453
237 B GLU 192.62623596191406
238 B ASP 240.02113342285156
239 B GLU 242.24813842773438
240 B GLU 139.15866088867188
241 B MET 121.12071228027344
242 B ASN 74.54613494873047
243 B ARG 154.39605712890625
244 B MET 108.7526626586914
245 B HIS 128.95834350585938
246 B GLU 133.83168029785156
247 B SER 83.00775909423828
248 B MET 60.466434478759766
249 B LYS 170.17623901367188
250 B LEU 149.8040008544922
251 B PHE 30.300457000732422
252 B ASP 85.34537506103516
253 B SER 133.02926635742188
254 B ILE 82.44622039794922
255 B CYS 112.95474243164063
256 B ASN 149.74301147460938
257 B ASN 127.29839324951172
258 B LYS 170.4183807373047
259 B TRP 155.39637756347656
260 B PHE 96.65016174316406
261 B THR 107.6320571899414
262 B ASP 179.9237060546875
263 B THR 69.2279281616211
264 B SER 105.12969970703125
265 B ILE 105.24539184570313
266 B ILE 62.82099151611328
267 B LEU 121.58456420898438
268 B PHE 87.62055206298828
269 B LEU 146.51438903808594
270 B ASN 107.37054443359375
271 B LYS 164.67019653320313
272 B LYS 152.63514709472656
273 B ASP 248.58596801757813
274 B LEU 109.16011810302734
275 B PHE 46.942535400390625
276 B GLU 170.92205810546875
277 B GLU 177.9864959716797
278 B LYS 158.15878295898438
279 B ILE 148.93324279785156
280 B THR 152.52670288085938
281 B HIS 139.13177490234375
282 B SER 176.0242919921875
283 B PRO 185.80787658691406
284 B LEU 90.81816101074219
285 B THR 153.67160034179688
286 B ILE 192.83294677734375
287 B CYS 64.26775360107422
288 B PHE 138.16940307617188
289 B PRO 142.9280242919922
290 B GLU 143.61151123046875
291 B TYR 145.5991668701172
292 B THR 126.18497467041016
293 B GLY 130.72959899902344
294 B ALA 80.0384750366211
295 B ASN 137.85317993164063
296 B LYS 273.031982421875
297 B TYR 210.9628143310547
298 B ASP 153.31405639648438
299 B GLU 122.49706268310547
300 B ALA 188.76190185546875
301 B ALA 44.050472259521484
302 B SER 75.61650848388672
303 B TYR 65.13524627685547
304 B ILE 70.14387512207031
305 B GLN 176.54661560058594
306 B SER 140.06199645996094
307 B LYS 70.72188568115234
308 B PHE 99.04048156738281
309 B GLU 112.40677642822266
310 B ASP 172.9361114501953
311 B LEU 108.32106018066406
312 B ASN 165.0580596923828
313 B LYS 104.25830078125
314 B ARG 277.7728576660156
315 B LYS 123.48660278320313
316 B ASP 98.35999298095703
317 B THR 61.38729476928711
318 B LYS 53.626304626464844
319 B GLU 29.729755401611328
320 B ILE 37.87657165527344
321 B TYR 15.384586334228516
322 B THR 38.19419860839844
323 B HIS 48.313602447509766
324 B PHE 113.7031021118164
325 B THR 24.89862823486328
326 B CYS 55.87460708618164
327 B ALA 58.47299575805664
328 B THR 85.5943374633789
329 B ASP 123.36592102050781
330 B THR 73.13285827636719
331 B LYS 120.19523620605469
332 B ASN 53.67486572265625
333 B VAL 50.790992736816406
334 B GLN 79.9683609008789
335 B PHE 79.06780242919922
336 B VAL 15.390286445617676
337 B PHE 47.66215896606445
338 B ASP 91.3993148803711
339 B ALA 8.573592185974121
340 B VAL 23.270273208618164
341 B THR 16.338537216186523
342 B ASP 18.56230354309082
343 B VAL 33.02722930908203
344 B ILE 97.77586364746094
345 B ILE 34.791568756103516
346 B LYS 30.613666534423828
347 B ASN 101.48607635498047
348 B ASN 70.91449737548828
349 B LEU 43.239376068115234
350 B LYS 120.75578308105469
351 B ASP 45.06503677368164
352 B CYS 69.79940032958984
353 B GLY 24.25639533996582
354 B LEU 41.851806640625
355 B PHE 103.1630859375
