1 A ARG 387.2184143066406
2 A ASP 132.05320739746094
3 A PHE 214.24932861328125
4 A SER 141.23997497558594
5 A VAL 147.8599395751953
6 A ARG 207.79600524902344
7 A ILE 163.01925659179688
8 A LEU 192.52182006835938
9 A THR 107.86394500732422
10 A ALA 179.85015869140625
11 A CYS 133.0540008544922
12 A PHE 106.96721649169922
13 A LEU 111.03218841552734
14 A SER 163.6473388671875
15 A LEU 256.5007629394531
16 A LEU 99.14640045166016
17 A ILE 204.92311096191406
18 A LEU 209.50704956054688
19 A SER 154.44395446777344
20 A THR 104.10710144042969
21 A LEU 218.95843505859375
22 A LEU 185.6716766357422
23 A GLY 131.5028076171875
24 A ASN 169.49998474121094
25 A THR 176.05636596679688
26 A LEU 168.0553436279297
27 A VAL 78.5953598022461
28 A CYS 128.16390991210938
29 A ALA 156.58578491210938
30 A ALA 71.15958404541016
31 A VAL 85.09293365478516
32 A ILE 192.8867645263672
33 A ARG 224.18101501464844
34 A PHE 93.67952728271484
35 A ARG 287.64947509765625
36 A HIS 165.55665588378906
37 A LEU 62.63078689575195
38 A ARG 191.37574768066406
39 A SER 75.47663879394531
40 A LYS 151.50645446777344
41 A VAL 118.25733947753906
42 A THR 87.11585998535156
43 A ASN 137.484375
44 A PHE 125.89190673828125
45 A PHE 70.47396850585938
46 A VAL 131.003662109375
47 A ILE 179.02578735351563
48 A SER 118.46568298339844
49 A LEU 105.2956314086914
50 A ALA 85.06427764892578
51 A VAL 196.42344665527344
52 A SER 113.98828887939453
53 A ASP 146.82020568847656
54 A LEU 119.49462890625
55 A LEU 125.17613983154297
56 A VAL 59.14613723754883
57 A ALA 62.58379364013672
58 A VAL 137.61180114746094
59 A LEU 83.92977905273438
60 A VAL 71.50390625
61 A MET 171.24896240234375
62 A PRO 147.77749633789063
63 A TRP 151.52203369140625
64 A LYS 195.36334228515625
65 A ALA 105.69522857666016
66 A VAL 111.4569320678711
67 A ALA 92.32161712646484
68 A GLU 99.9355697631836
69 A ILE 162.64401245117188
70 A ALA 103.78766632080078
71 A GLY 97.46476745605469
72 A PHE 198.0402069091797
73 A TRP 115.11901092529297
74 A PRO 140.5133819580078
75 A PHE 154.79559326171875
76 A GLY 102.61622619628906
77 A SER 116.48623657226563
78 A PHE 130.14234924316406
79 A CYS 159.65647888183594
80 A ASN 117.94367980957031
81 A ILE 148.30780029296875
82 A TRP 154.72369384765625
83 A VAL 54.73031234741211
84 A ALA 80.31318664550781
85 A PHE 155.83306884765625
86 A ASP 191.87391662597656
87 A ILE 80.76606750488281
88 A MET 134.26287841796875
89 A CYS 66.59346771240234
90 A SER 222.9796905517578
91 A THR 110.38525390625
92 A ALA 195.3128204345703
93 A SER 134.42221069335938
94 A ILE 152.51602172851563
95 A LEU 164.0479278564453
96 A ASN 77.3475112915039
97 A LEU 90.63971710205078
98 A CYS 116.7760238647461
99 A VAL 112.10258483886719
100 A ILE 189.27871704101563
101 A SER 129.7842254638672
102 A VAL 97.15312957763672
103 A ASP 118.14097595214844
104 A ARG 207.38230895996094
105 A TYR 177.99057006835938
106 A TRP 190.7210693359375
107 A ALA 106.4542465209961
108 A ILE 175.7258758544922
109 A SER 103.53533172607422
110 A SER 131.61514282226563
111 A PRO 91.87299346923828
112 A PHE 115.10418701171875
113 A ARG 95.67330932617188
114 A TYR 164.56668090820313
115 A GLU 199.5821075439453
116 A ARG 229.33901977539063
117 A LYS 164.41839599609375
118 A MET 221.28045654296875
119 A THR 120.06237030029297
120 A PRO 160.98776245117188
121 A LYS 205.7587432861328
122 A ALA 146.54977416992188
123 A ALA 64.8776626586914
124 A PHE 187.09066772460938
125 A ILE 139.66693115234375
126 A LEU 108.45934295654297
127 A ILE 94.81855010986328
128 A SER 130.71060180664063
129 A VAL 205.79869079589844
130 A ALA 91.3210678100586
131 A TRP 213.11883544921875
132 A THR 232.25445556640625
133 A LEU 115.07050323486328
134 A SER 96.27146911621094
135 A VAL 91.29569244384766
136 A LEU 151.7105255126953
137 A ILE 155.0446319580078
138 A SER 60.901405334472656
139 A PHE 162.4148406982422
140 A ILE 138.25469970703125
141 A PRO 138.02374267578125
142 A VAL 136.43081665039063
143 A GLN 139.8509063720703
144 A LEU 298.9011535644531
145 A SER 169.346923828125
146 A TRP 176.54193115234375
147 A HIS 172.01953125
148 A LYS 161.20794677734375
149 A ALA 111.52629089355469
150 A LYS 204.91928100585938
151 A PRO 74.59020233154297
152 A THR 80.01537322998047
153 A SER 103.75575256347656
154 A PRO 193.7847442626953
155 A SER 116.70565032958984
156 A ASP 84.9637451171875
157 A GLY 124.49327850341797
158 A ASN 109.60086059570313
159 A ALA 85.16631317138672
160 A THR 143.25033569335938
161 A SER 158.51824951171875
162 A LEU 100.87955474853516
163 A ALA 98.8923110961914
164 A GLU 177.9925994873047
165 A THR 166.05050659179688
166 A ILE 239.51629638671875
167 A ASP 111.55142211914063
168 A ASN 239.1282196044922
169 A CYS 135.51951599121094
170 A ASP 196.8572235107422
171 A SER 188.2306671142578
172 A SER 129.2001190185547
173 A LEU 108.34272766113281
174 A SER 53.74159240722656
175 A ARG 232.12600708007813
176 A THR 210.08058166503906
177 A TYR 68.06575012207031
178 A ALA 152.76585388183594
179 A ILE 188.7154541015625
180 A SER 207.4524383544922
181 A SER 133.2666015625
182 A SER 89.22425079345703
183 A VAL 105.22174072265625
184 A ILE 221.7331085205078
185 A SER 146.99310302734375
186 A PHE 171.84962463378906
187 A TYR 205.04446411132813
188 A ILE 160.9073486328125
189 A PRO 113.36474609375
190 A VAL 118.7127456665039
191 A ALA 101.77127075195313
192 A ILE 205.3189239501953
193 A MET 172.91224670410156
194 A ILE 141.9537353515625
195 A VAL 151.4033966064453
196 A THR 58.29313659667969
197 A TYR 175.88470458984375
198 A THR 154.18309020996094
199 A ARG 188.81146240234375
200 A ILE 111.97489929199219
201 A TYR 204.30682373046875
202 A ARG 219.05145263671875
203 A ILE 123.52692413330078
204 A ALA 140.4364776611328
205 A GLN 299.98968505859375
206 A LYS 162.82772827148438
207 A GLN 174.87962341308594
208 A ILE 229.76351928710938
209 A ARG 338.45965576171875
210 A ARG 172.94189453125
211 A ILE 139.01397705078125
212 A ALA 71.71426391601563
213 A ALA 100.17231750488281
214 A LEU 136.42530822753906
215 A GLU 171.21279907226563
216 A ARG 240.25265502929688
217 A ALA 120.53411102294922
218 A ALA 84.19770812988281
219 A ALA 162.0915985107422
220 A ALA 103.95655822753906
221 A SER 119.0073013305664
222 A GLN 126.69339752197266
223 A PRO 141.658447265625
224 A GLU 137.94558715820313
225 A SER 105.29914093017578
226 A SER 88.54389953613281
227 A PHE 173.2000274658203
228 A LYS 126.04170227050781
229 A MET 104.36622619628906
230 A SER 106.2617416381836
231 A PHE 137.42608642578125
232 A LYS 146.7943115234375
233 A ARG 132.44627380371094
234 A GLU 177.4376678466797
235 A THR 135.66552734375
236 A LYS 215.93296813964844
237 A VAL 164.8159942626953
238 A LEU 208.44920349121094
239 A LYS 271.622314453125
240 A THR 168.8216552734375
241 A LEU 86.9949951171875
242 A SER 176.31373596191406
243 A VAL 109.87455749511719
244 A ILE 150.31138610839844
245 A MET 147.46963500976563
246 A GLY 61.20022964477539
247 A VAL 102.56621551513672
248 A PHE 151.7912139892578
249 A VAL 120.11817932128906
250 A CYS 117.58554077148438
251 A CYS 77.06678009033203
252 A TRP 148.60638427734375
253 A LEU 140.78305053710938
254 A PRO 66.45348358154297
255 A PHE 213.4380340576172
256 A PHE 110.5810546875
257 A ILE 241.687255859375
258 A LEU 179.99917602539063
259 A ASN 66.60225677490234
260 A CYS 88.44462585449219
261 A ILE 179.43997192382813
262 A LEU 100.14820098876953
263 A PRO 95.2847671508789
264 A PHE 158.27621459960938
265 A CYS 106.4459457397461
266 A GLY 75.9684829711914
267 A SER 139.74154663085938
268 A GLY 97.75630950927734
269 A GLU 179.06173706054688
270 A THR 153.4512176513672
271 A GLN 258.8953857421875
272 A PRO 166.9198455810547
273 A PHE 235.4757080078125
274 A CYS 110.79718780517578
275 A ILE 162.4208526611328
276 A ASP 187.48423767089844
277 A SER 131.37838745117188
278 A ASN 153.9827880859375
279 A THR 166.51470947265625
280 A PHE 218.9237823486328
281 A ASP 163.55458068847656
282 A VAL 153.20693969726563
283 A PHE 156.62071228027344
284 A VAL 182.8824005126953
285 A TRP 188.33746337890625
286 A PHE 169.842041015625
287 A GLY 62.79817581176758
288 A TRP 159.54039001464844
289 A ALA 116.3563003540039
290 A ASN 113.06767272949219
291 A SER 115.50178527832031
292 A SER 107.84709930419922
293 A LEU 142.2540740966797
294 A ASN 134.09776306152344
295 A PRO 117.61997985839844
296 A ILE 226.72071838378906
297 A ILE 216.4376220703125
298 A TYR 178.7056121826172
299 A ALA 53.184654235839844
300 A PHE 197.17489624023438
301 A ASN 98.63470458984375
302 A ALA 72.93596649169922
303 A ASP 117.001953125
304 A PHE 162.9134521484375
305 A ARG 215.89776611328125
306 A LYS 179.9780731201172
307 A ALA 88.86962127685547
308 A PHE 139.87249755859375
309 A SER 133.41867065429688
310 A THR 131.74960327148438
311 A LEU 92.8604507446289
312 A LEU 173.93589782714844
313 A GLY 234.0418701171875
314 A CYS 248.885009765625
1 B MET 387.2184143066406
2 B GLY 132.05320739746094
3 B CYS 214.24932861328125
4 B THR 141.23997497558594
5 B LEU 147.8599395751953
6 B SER 207.79600524902344
7 B ALA 163.01925659179688
8 B GLU 192.52182006835938
9 B ASP 107.86394500732422
10 B LYS 179.85015869140625
11 B ALA 133.0540008544922
12 B ALA 106.96721649169922
13 B VAL 111.03218841552734
14 B GLU 163.6473388671875
15 B ARG 256.5007629394531
16 B SER 99.14640045166016
17 B LYS 204.92311096191406
18 B MET 209.50704956054688
19 B ILE 154.44395446777344
20 B ASP 104.10710144042969
21 B ARG 218.95843505859375
22 B ASN 185.6716766357422
23 B LEU 131.5028076171875
24 B ARG 169.49998474121094
25 B GLU 176.05636596679688
26 B ASP 168.0553436279297
27 B GLY 78.5953598022461
28 B GLU 128.16390991210938
29 B LYS 156.58578491210938
30 B ALA 71.15958404541016
31 B ALA 85.09293365478516
32 B ARG 192.8867645263672
33 B GLU 224.18101501464844
34 B VAL 93.67952728271484
35 B LYS 287.64947509765625
36 B LEU 165.55665588378906
37 B LEU 62.63078689575195
38 B LEU 191.37574768066406
39 B LEU 75.47663879394531
40 B GLY 151.50645446777344
41 B ALA 118.25733947753906
42 B GLY 87.11585998535156
43 B GLU 137.484375
44 B SER 125.89190673828125
45 B GLY 70.47396850585938
46 B LYS 131.003662109375
47 B SER 179.02578735351563
48 B THR 118.46568298339844
49 B ILE 105.2956314086914
50 B VAL 85.06427764892578
51 B LYS 196.42344665527344
52 B GLN 113.98828887939453
53 B MET 146.82020568847656
54 B LYS 119.49462890625
55 B ILE 125.17613983154297
56 B ILE 59.14613723754883
57 B HIS 62.58379364013672
58 B GLU 137.61180114746094
59 B ALA 83.92977905273438
60 B GLY 71.50390625
61 B TYR 171.24896240234375
62 B SER 147.77749633789063
63 B GLU 151.52203369140625
64 B GLU 195.36334228515625
65 B GLU 105.69522857666016
66 B CYS 111.4569320678711
67 B LYS 92.32161712646484
68 B GLN 99.9355697631836
69 B TYR 162.64401245117188
70 B LYS 103.78766632080078
71 B ALA 97.46476745605469
72 B VAL 198.0402069091797
73 B VAL 115.11901092529297
74 B TYR 140.5133819580078
75 B SER 154.79559326171875
76 B ASN 102.61622619628906
77 B THR 116.48623657226563
78 B ILE 130.14234924316406
79 B GLN 159.65647888183594
80 B SER 117.94367980957031
81 B ILE 148.30780029296875
82 B ILE 154.72369384765625
83 B ALA 54.73031234741211
84 B ILE 80.31318664550781
85 B ILE 155.83306884765625
86 B ARG 191.87391662597656
87 B ALA 80.76606750488281
88 B MET 134.26287841796875
89 B GLY 66.59346771240234
90 B ARG 222.9796905517578
91 B LEU 110.38525390625
92 B LYS 195.3128204345703
93 B ILE 134.42221069335938
94 B ASP 152.51602172851563
95 B PHE 164.0479278564453
96 B GLY 77.3475112915039
97 B ASP 90.63971710205078
98 B SER 116.7760238647461
99 B ALA 112.10258483886719
100 B ARG 189.27871704101563
101 B ALA 129.7842254638672
102 B ASP 97.15312957763672
103 B ASP 118.14097595214844
104 B ALA 207.38230895996094
105 B ARG 177.99057006835938
106 B GLN 190.7210693359375
107 B LEU 106.4542465209961
108 B PHE 175.7258758544922
109 B VAL 103.53533172607422
110 B LEU 131.61514282226563
111 B ALA 91.87299346923828
112 B GLY 115.10418701171875
113 B ALA 95.67330932617188
114 B ALA 164.56668090820313
115 B GLU 199.5821075439453
116 B GLU 229.33901977539063
117 B GLY 164.41839599609375
118 B PHE 221.28045654296875
119 B MET 120.06237030029297
120 B THR 160.98776245117188
121 B ALA 205.7587432861328
122 B GLU 146.54977416992188
123 B LEU 64.8776626586914
124 B ALA 187.09066772460938
125 B GLY 139.66693115234375
126 B VAL 108.45934295654297
127 B ILE 94.81855010986328
128 B LYS 130.71060180664063
129 B ARG 205.79869079589844
130 B LEU 91.3210678100586
131 B TRP 213.11883544921875
132 B LYS 232.25445556640625
133 B ASP 115.07050323486328
134 B SER 96.27146911621094
135 B GLY 91.29569244384766
136 B VAL 151.7105255126953
137 B GLN 155.0446319580078
138 B ALA 60.901405334472656
139 B CYS 162.4148406982422
140 B PHE 138.25469970703125
141 B ASN 138.02374267578125
142 B ARG 136.43081665039063
143 B SER 139.8509063720703
144 B ARG 298.9011535644531
145 B GLU 169.346923828125
146 B TYR 176.54193115234375
147 B GLN 172.01953125
148 B LEU 161.20794677734375
149 B ASN 111.52629089355469
150 B ASP 204.91928100585938
151 B SER 74.59020233154297
152 B ALA 80.01537322998047
153 B ALA 103.75575256347656
154 B TYR 193.7847442626953
155 B TYR 116.70565032958984
156 B LEU 84.9637451171875
157 B ASN 124.49327850341797
158 B ASP 109.60086059570313
159 B LEU 85.16631317138672
160 B ASP 143.25033569335938
161 B ARG 158.51824951171875
162 B ILE 100.87955474853516
163 B ALA 98.8923110961914
164 B GLN 177.9925994873047
165 B PRO 166.05050659179688
166 B ASN 239.51629638671875
167 B TYR 111.55142211914063
168 B ILE 239.1282196044922
169 B PRO 135.51951599121094
170 B THR 196.8572235107422
171 B GLN 188.2306671142578
172 B GLN 129.2001190185547
173 B ASP 108.34272766113281
174 B VAL 53.74159240722656
175 B LEU 232.12600708007813
176 B ARG 210.08058166503906
177 B THR 68.06575012207031
178 B ARG 152.76585388183594
179 B VAL 188.7154541015625
180 B LYS 207.4524383544922
181 B THR 133.2666015625
182 B THR 89.22425079345703
183 B GLY 105.22174072265625
184 B ILE 221.7331085205078
185 B VAL 146.99310302734375
186 B GLU 171.84962463378906
187 B THR 205.04446411132813
188 B HIS 160.9073486328125
189 B PHE 113.36474609375
190 B THR 118.7127456665039
191 B PHE 101.77127075195313
192 B LYS 205.3189239501953
193 B ASP 172.91224670410156
194 B LEU 141.9537353515625
195 B HIS 151.4033966064453
196 B PHE 58.29313659667969
197 B LYS 175.88470458984375
198 B MET 154.18309020996094
199 B PHE 188.81146240234375
200 B ASP 111.97489929199219
201 B VAL 204.30682373046875
202 B GLY 219.05145263671875
203 B GLY 123.52692413330078
204 B GLN 140.4364776611328
205 B ARG 299.98968505859375
206 B SER 162.82772827148438
207 B GLU 174.87962341308594
208 B ARG 229.76351928710938
209 B LYS 338.45965576171875
210 B LYS 172.94189453125
211 B TRP 139.01397705078125
212 B ILE 71.71426391601563
213 B HIS 100.17231750488281
214 B CYS 136.42530822753906
215 B PHE 171.21279907226563
216 B GLU 240.25265502929688
217 B GLY 120.53411102294922
218 B VAL 84.19770812988281
219 B THR 162.0915985107422
220 B ALA 103.95655822753906
221 B ILE 119.0073013305664
222 B ILE 126.69339752197266
223 B PHE 141.658447265625
224 B CYS 137.94558715820313
225 B VAL 105.29914093017578
226 B ALA 88.54389953613281
227 B LEU 173.2000274658203
228 B SER 126.04170227050781
229 B ASP 104.36622619628906
230 B TYR 106.2617416381836
231 B ASP 137.42608642578125
232 B LEU 146.7943115234375
233 B VAL 132.44627380371094
234 B LEU 177.4376678466797
235 B ALA 135.66552734375
236 B GLU 215.93296813964844
237 B ASP 164.8159942626953
238 B GLU 208.44920349121094
239 B GLU 271.622314453125
240 B MET 168.8216552734375
241 B ASN 86.9949951171875
242 B ARG 176.31373596191406
243 B MET 109.87455749511719
244 B HIS 150.31138610839844
245 B GLU 147.46963500976563
246 B SER 61.20022964477539
247 B MET 102.56621551513672
248 B LYS 151.7912139892578
249 B LEU 120.11817932128906
250 B PHE 117.58554077148438
251 B ASP 77.06678009033203
252 B SER 148.60638427734375
253 B ILE 140.78305053710938
254 B CYS 66.45348358154297
255 B ASN 213.4380340576172
256 B ASN 110.5810546875
257 B LYS 241.687255859375
258 B TRP 179.99917602539063
259 B PHE 66.60225677490234
260 B THR 88.44462585449219
261 B ASP 179.43997192382813
262 B THR 100.14820098876953
263 B SER 95.2847671508789
264 B ILE 158.27621459960938
265 B ILE 106.4459457397461
266 B LEU 75.9684829711914
267 B PHE 139.74154663085938
268 B LEU 97.75630950927734
269 B ASN 179.06173706054688
270 B LYS 153.4512176513672
271 B LYS 258.8953857421875
272 B ASP 166.9198455810547
273 B LEU 235.4757080078125
274 B PHE 110.79718780517578
275 B GLU 162.4208526611328
276 B GLU 187.48423767089844
277 B LYS 131.37838745117188
278 B ILE 153.9827880859375
279 B LYS 166.51470947265625
280 B LYS 218.9237823486328
281 B SER 163.55458068847656
282 B PRO 153.20693969726563
283 B LEU 156.62071228027344
284 B THR 182.8824005126953
285 B ILE 188.33746337890625
286 B CYS 169.842041015625
287 B TYR 62.79817581176758
288 B PRO 159.54039001464844
289 B GLU 116.3563003540039
290 B TYR 113.06767272949219
291 B ALA 115.50178527832031
292 B GLY 107.84709930419922
293 B SER 142.2540740966797
294 B ASN 134.09776306152344
295 B THR 117.61997985839844
296 B TYR 226.72071838378906
297 B GLU 216.4376220703125
298 B GLU 178.7056121826172
299 B ALA 53.184654235839844
300 B ALA 197.17489624023438
301 B ALA 98.63470458984375
302 B TYR 72.93596649169922
303 B ILE 117.001953125
304 B GLN 162.9134521484375
305 B CYS 215.89776611328125
306 B GLN 179.9780731201172
307 B PHE 88.86962127685547
308 B GLU 139.87249755859375
309 B ASP 133.41867065429688
310 B LEU 131.74960327148438
311 B ASN 92.8604507446289
312 B LYS 173.93589782714844
313 B ARG 234.0418701171875
314 B LYS 248.885009765625
315 B ASP 101.80393981933594
316 B THR 59.34468460083008
317 B LYS 34.24386215209961
318 B GLU 26.436126708984375
319 B ILE 53.81548309326172
320 B TYR 40.15809631347656
321 B THR 66.70631408691406
322 B HIS 59.19514465332031
323 B PHE 118.38677215576172
324 B THR 43.01142120361328
325 B CYS 75.60758209228516
326 B ALA 63.40337371826172
327 B THR 122.30899810791016
328 B ASP 101.22488403320313
329 B THR 73.26119232177734
330 B LYS 87.36064147949219
331 B ASN 62.04520034790039
332 B VAL 75.90615844726563
333 B GLN 96.98373413085938
334 B PHE 103.23725891113281
335 B VAL 52.34295654296875
336 B PHE 70.57550048828125
337 B ASP 66.90335083007813
338 B ALA 13.761433601379395
339 B VAL 46.493560791015625
340 B THR 59.9652099609375
341 B ASP 11.178791046142578
342 B VAL 54.21961975097656
343 B ILE 42.4843864440918
344 B ILE 36.757137298583984
345 B LYS 47.49510192871094
346 B ASN 117.61570739746094
347 B ASN 57.701255798339844
348 B LEU 38.36136245727539
349 B LYS 136.2569122314453
350 B ASP 50.16318893432617
351 B CYS 67.53921508789063
352 B GLY 39.23598098754883
353 B LEU 35.16221618652344
354 B PHE 66.45726013183594
