1 A ALA 305.5420837402344
2 A ASP 162.37872314453125
3 A ARG 301.91607666015625
4 A PRO 124.26948547363281
5 A HIS 234.8643035888672
6 A TYR 206.572509765625
7 A ASN 155.9811553955078
8 A TYR 210.170166015625
9 A TYR 200.3881072998047
10 A ALA 190.92335510253906
11 A THR 115.52598571777344
12 A LEU 154.0877685546875
13 A LEU 114.67926025390625
14 A THR 171.97268676757813
15 A LEU 253.0205535888672
16 A LEU 112.84420013427734
17 A ILE 158.37173461914063
18 A ALA 165.5114288330078
19 A VAL 164.0791473388672
20 A ILE 97.34152221679688
21 A VAL 177.98866271972656
22 A PHE 196.51080322265625
23 A GLY 116.98648834228516
24 A ASN 144.11314392089844
25 A VAL 159.01092529296875
26 A LEU 125.82108306884766
27 A VAL 70.42176055908203
28 A CYS 122.614501953125
29 A MET 192.97581481933594
30 A ALA 75.6120376586914
31 A VAL 107.16958618164063
32 A SER 154.6183624267578
33 A ARG 220.76954650878906
34 A GLU 84.31735229492188
35 A LYS 236.47750854492188
36 A ALA 97.5274887084961
37 A LEU 26.93951416015625
38 A GLN 124.33734130859375
39 A THR 84.45478820800781
40 A THR 69.08125305175781
41 A THR 102.53697204589844
42 A ASN 48.48068618774414
43 A TYR 196.55911254882813
44 A LEU 43.8717155456543
45 A ILE 82.70398712158203
46 A VAL 112.38810729980469
47 A SER 98.64485931396484
48 A LEU 108.03643035888672
49 A ALA 89.35906982421875
50 A VAL 108.18882751464844
51 A ALA 147.31837463378906
52 A ASP 111.20481872558594
53 A LEU 153.77066040039063
54 A LEU 168.69256591796875
55 A VAL 63.89567947387695
56 A ALA 44.50556182861328
57 A THR 94.8118896484375
58 A LEU 102.8136215209961
59 A VAL 10.68726921081543
60 A MET 36.44131088256836
61 A PRO 187.81776428222656
62 A TRP 173.31222534179688
63 A VAL 147.93972778320313
64 A VAL 196.0289306640625
65 A TYR 149.6736297607422
66 A LEU 163.88279724121094
67 A GLU 138.30459594726563
68 A VAL 139.94493103027344
69 A VAL 111.81620788574219
70 A GLY 95.71991729736328
71 A GLU 135.15541076660156
72 A TRP 79.28230285644531
73 A LYS 142.9243621826172
74 A PHE 124.46760559082031
75 A SER 101.38524627685547
76 A ARG 178.31809997558594
77 A ILE 153.99224853515625
78 A HIS 110.52371215820313
79 A CYS 147.07933044433594
80 A ASP 77.72569274902344
81 A ILE 134.4088134765625
82 A PHE 101.0066909790039
83 A VAL 66.44369506835938
84 A THR 60.66867446899414
85 A LEU 92.59171295166016
86 A ASP 198.50086975097656
87 A VAL 72.52195739746094
88 A MET 88.37664031982422
89 A MET 86.46854400634766
90 A CYS 199.74923706054688
91 A THR 94.31765747070313
92 A ALA 161.7527313232422
93 A SER 107.52996826171875
94 A ILE 106.23359680175781
95 A LEU 151.36318969726563
96 A ASN 68.88899993896484
97 A LEU 92.68427276611328
98 A CYS 92.49932098388672
99 A ALA 63.95450973510742
100 A ILE 154.6805419921875
101 A SER 100.33527374267578
102 A ILE 116.56761932373047
103 A ASP 104.35285186767578
104 A ARG 179.59561157226563
105 A TYR 144.9497833251953
106 A THR 73.96436309814453
107 A ALA 130.12852478027344
108 A VAL 165.87515258789063
109 A ALA 84.39527130126953
110 A MET 173.4383087158203
111 A PRO 94.87018585205078
112 A MET 110.79609680175781
113 A LEU 97.57523345947266
114 A TYR 164.91845703125
115 A ASN 182.17530822753906
116 A THR 207.11325073242188
117 A ARG 127.8750991821289
118 A TYR 239.33509826660156
119 A SER 88.78276062011719
120 A SER 103.21549987792969
121 A LYS 179.21780395507813
122 A ARG 284.5860595703125
123 A ARG 152.63388061523438
124 A VAL 91.07738494873047
125 A THR 110.53478240966797
126 A VAL 120.2733154296875
127 A MET 88.96282958984375
128 A ILE 115.48739624023438
129 A SER 180.4000701904297
130 A ILE 122.16218566894531
131 A VAL 83.90288543701172
132 A TRP 252.05548095703125
133 A VAL 104.42061614990234
134 A LEU 153.83204650878906
135 A SER 24.86562728881836
136 A PHE 151.50099182128906
137 A THR 147.3152313232422
138 A ILE 76.38262176513672
139 A SER 57.72523498535156
140 A CYS 124.00630187988281
141 A PRO 142.62510681152344
142 A LEU 115.91694641113281
143 A LEU 128.1631317138672
144 A PHE 352.807861328125
145 A GLY 150.6658477783203
146 A LEU 143.0035858154297
147 A ASN 271.9576721191406
148 A ASN 187.80674743652344
149 A ALA 115.56945037841797
150 A ASP 188.2440643310547
151 A GLN 145.06195068359375
152 A ASN 81.83100128173828
153 A GLU 164.15452575683594
154 A CYS 213.1667938232422
155 A ILE 151.76800537109375
156 A ILE 137.8033447265625
157 A ALA 168.5552520751953
158 A ASN 130.7429656982422
159 A PRO 97.3497543334961
160 A ALA 158.675537109375
161 A PHE 174.38357543945313
162 A VAL 33.24790573120117
163 A VAL 152.58615112304688
164 A TYR 200.11900329589844
165 A SER 91.3710708618164
166 A SER 158.4734344482422
167 A ILE 94.47795104980469
168 A VAL 201.6486358642578
169 A SER 43.58056640625
170 A PHE 93.60824584960938
171 A TYR 248.63819885253906
172 A VAL 192.98062133789063
173 A PRO 22.539348602294922
174 A PHE 108.16553497314453
175 A ILE 200.0305633544922
176 A VAL 166.5745391845703
177 A THR 63.832027435302734
178 A LEU 169.2943115234375
179 A LEU 172.35142517089844
180 A VAL 170.2686004638672
181 A TYR 140.35086059570313
182 A ILE 139.5928192138672
183 A LYS 135.160888671875
184 A ILE 170.8082733154297
185 A TYR 175.49842834472656
186 A ILE 193.83566284179688
187 A VAL 98.53516387939453
188 A LEU 114.07843017578125
189 A ARG 233.4623565673828
190 A ARG 221.19198608398438
191 A ARG 82.90728759765625
192 A ARG 199.25694274902344
193 A LYS 230.54417419433594
194 A ARG 162.23448181152344
195 A VAL 98.15788269042969
196 A ASN 86.3589859008789
197 A THR 149.69168090820313
198 A LYS 118.52239227294922
199 A ARG 130.98487854003906
200 A SER 89.6566390991211
201 A SER 101.45909881591797
202 A ARG 273.7564392089844
203 A ALA 139.02586364746094
204 A ALA 170.6419219970703
205 A LEU 249.2879638671875
206 A LYS 262.5083923339844
207 A THR 228.30331420898438
208 A MET 230.49049377441406
209 A SER 211.42654418945313
210 A ARG 284.6793518066406
211 A ARG 124.91290283203125
212 A LYS 189.08804321289063
213 A LEU 171.4005126953125
214 A SER 195.1885528564453
215 A GLN 168.7658233642578
216 A GLN 179.20921325683594
217 A LYS 96.69638061523438
218 A GLU 86.67689514160156
219 A LYS 140.79202270507813
220 A LYS 66.6214599609375
221 A ALA 35.556819915771484
222 A THR 93.07642364501953
223 A GLN 121.54327392578125
224 A MET 68.13275146484375
225 A LEU 64.27821350097656
226 A ALA 86.02399444580078
227 A ILE 100.5912857055664
228 A VAL 55.89523696899414
229 A LEU 87.21976470947266
230 A GLY 66.53453063964844
231 A VAL 86.08721160888672
232 A PHE 108.07564544677734
233 A ILE 155.9524383544922
234 A ILE 187.8889617919922
235 A CYS 59.097755432128906
236 A TRP 178.90313720703125
237 A LEU 193.46209716796875
238 A PRO 152.74246215820313
239 A PHE 178.9357147216797
240 A PHE 135.04576110839844
241 A ILE 99.53642272949219
242 A THR 117.5999755859375
243 A HIS 94.32427215576172
244 A ILE 146.3959503173828
245 A LEU 184.99851989746094
246 A ASN 87.76158905029297
247 A ILE 135.39175415039063
248 A HIS 242.2196502685547
249 A CYS 103.68955993652344
250 A ASP 124.85084533691406
251 A CYS 185.95046997070313
252 A ASN 171.71890258789063
253 A ILE 103.68057250976563
254 A PRO 77.47484588623047
255 A PRO 188.8076171875
256 A VAL 134.52899169921875
257 A LEU 234.296875
258 A TYR 224.93370056152344
259 A SER 55.77460479736328
260 A ALA 99.29512023925781
261 A PHE 171.93258666992188
262 A THR 56.956233978271484
263 A TRP 64.80340576171875
264 A LEU 75.09382629394531
265 A GLY 18.301977157592773
266 A TYR 49.9972038269043
267 A VAL 65.85820770263672
268 A ASN 28.04456329345703
269 A SER 30.633682250976563
270 A ALA 102.49465942382813
271 A VAL 126.79495239257813
272 A ASN 88.30660247802734
273 A PRO 93.45061492919922
274 A ILE 137.5089874267578
275 A ILE 137.98390197753906
276 A TYR 164.50918579101563
277 A THR 68.56615447998047
278 A THR 124.73578643798828
279 A PHE 182.72470092773438
280 A ASN 179.3757781982422
281 A ILE 133.9227294921875
282 A GLU 130.8387451171875
283 A PHE 129.57034301757813
284 A ARG 235.346435546875
285 A LYS 183.6733856201172
286 A ALA 105.5411148071289
287 A PHE 96.05274200439453
288 A LEU 217.49276733398438
289 A LYS 175.47425842285156
290 A ILE 138.6573486328125
291 A LEU 194.886962890625
292 A HIS 221.7102508544922
293 A CYS 192.95526123046875
1 B MET 305.5420837402344
2 B GLY 162.37872314453125
3 B CYS 301.91607666015625
4 B THR 124.26948547363281
5 B LEU 234.8643035888672
6 B SER 206.572509765625
7 B ALA 155.9811553955078
8 B GLU 210.170166015625
9 B ASP 200.3881072998047
10 B LYS 190.92335510253906
11 B ALA 115.52598571777344
12 B ALA 154.0877685546875
13 B VAL 114.67926025390625
14 B GLU 171.97268676757813
15 B ARG 253.0205535888672
16 B SER 112.84420013427734
17 B LYS 158.37173461914063
18 B MET 165.5114288330078
19 B ILE 164.0791473388672
20 B ASP 97.34152221679688
21 B ARG 177.98866271972656
22 B ASN 196.51080322265625
23 B LEU 116.98648834228516
24 B ARG 144.11314392089844
25 B GLU 159.01092529296875
26 B ASP 125.82108306884766
27 B GLY 70.42176055908203
28 B GLU 122.614501953125
29 B LYS 192.97581481933594
30 B ALA 75.6120376586914
31 B ALA 107.16958618164063
32 B ARG 154.6183624267578
33 B GLU 220.76954650878906
34 B VAL 84.31735229492188
35 B LYS 236.47750854492188
36 B LEU 97.5274887084961
37 B LEU 26.93951416015625
38 B LEU 124.33734130859375
39 B LEU 84.45478820800781
40 B GLY 69.08125305175781
41 B ALA 102.53697204589844
42 B GLY 48.48068618774414
43 B GLU 196.55911254882813
44 B SER 43.8717155456543
45 B GLY 82.70398712158203
46 B LYS 112.38810729980469
47 B SER 98.64485931396484
48 B THR 108.03643035888672
49 B ILE 89.35906982421875
50 B VAL 108.18882751464844
51 B LYS 147.31837463378906
52 B GLN 111.20481872558594
53 B MET 153.77066040039063
54 B LYS 168.69256591796875
55 B ILE 63.89567947387695
56 B ILE 44.50556182861328
57 B HIS 94.8118896484375
58 B GLU 102.8136215209961
59 B ALA 10.68726921081543
60 B GLY 36.44131088256836
61 B TYR 187.81776428222656
62 B SER 173.31222534179688
63 B GLU 147.93972778320313
64 B GLU 196.0289306640625
65 B GLU 149.6736297607422
66 B CYS 163.88279724121094
67 B LYS 138.30459594726563
68 B GLN 139.94493103027344
69 B TYR 111.81620788574219
70 B LYS 95.71991729736328
71 B ALA 135.15541076660156
72 B VAL 79.28230285644531
73 B VAL 142.9243621826172
74 B TYR 124.46760559082031
75 B SER 101.38524627685547
76 B ASN 178.31809997558594
77 B THR 153.99224853515625
78 B ILE 110.52371215820313
79 B GLN 147.07933044433594
80 B SER 77.72569274902344
81 B ILE 134.4088134765625
82 B ILE 101.0066909790039
83 B ALA 66.44369506835938
84 B ILE 60.66867446899414
85 B ILE 92.59171295166016
86 B ARG 198.50086975097656
87 B ALA 72.52195739746094
88 B MET 88.37664031982422
89 B GLY 86.46854400634766
90 B ARG 199.74923706054688
91 B LEU 94.31765747070313
92 B LYS 161.7527313232422
93 B ILE 107.52996826171875
94 B ASP 106.23359680175781
95 B PHE 151.36318969726563
96 B GLY 68.88899993896484
97 B ASP 92.68427276611328
98 B SER 92.49932098388672
99 B ALA 63.95450973510742
100 B ARG 154.6805419921875
101 B ALA 100.33527374267578
102 B ASP 116.56761932373047
103 B ASP 104.35285186767578
104 B ALA 179.59561157226563
105 B ARG 144.9497833251953
106 B GLN 73.96436309814453
107 B LEU 130.12852478027344
108 B PHE 165.87515258789063
109 B VAL 84.39527130126953
110 B LEU 173.4383087158203
111 B ALA 94.87018585205078
112 B GLY 110.79609680175781
113 B ALA 97.57523345947266
114 B ALA 164.91845703125
115 B GLU 182.17530822753906
116 B GLU 207.11325073242188
117 B GLY 127.8750991821289
118 B PHE 239.33509826660156
119 B MET 88.78276062011719
120 B THR 103.21549987792969
121 B ALA 179.21780395507813
122 B GLU 284.5860595703125
123 B LEU 152.63388061523438
124 B ALA 91.07738494873047
125 B GLY 110.53478240966797
126 B VAL 120.2733154296875
127 B ILE 88.96282958984375
128 B LYS 115.48739624023438
129 B ARG 180.4000701904297
130 B LEU 122.16218566894531
131 B TRP 83.90288543701172
132 B LYS 252.05548095703125
133 B ASP 104.42061614990234
134 B SER 153.83204650878906
135 B GLY 24.86562728881836
136 B VAL 151.50099182128906
137 B GLN 147.3152313232422
138 B ALA 76.38262176513672
139 B CYS 57.72523498535156
140 B PHE 124.00630187988281
141 B ASN 142.62510681152344
142 B ARG 115.91694641113281
143 B SER 128.1631317138672
144 B ARG 352.807861328125
145 B GLU 150.6658477783203
146 B TYR 143.0035858154297
147 B GLN 271.9576721191406
148 B LEU 187.80674743652344
149 B ASN 115.56945037841797
150 B ASP 188.2440643310547
151 B SER 145.06195068359375
152 B ALA 81.83100128173828
153 B ALA 164.15452575683594
154 B TYR 213.1667938232422
155 B TYR 151.76800537109375
156 B LEU 137.8033447265625
157 B ASN 168.5552520751953
158 B ASP 130.7429656982422
159 B LEU 97.3497543334961
160 B ASP 158.675537109375
161 B ARG 174.38357543945313
162 B ILE 33.24790573120117
163 B ALA 152.58615112304688
164 B GLN 200.11900329589844
165 B PRO 91.3710708618164
166 B ASN 158.4734344482422
167 B TYR 94.47795104980469
168 B ILE 201.6486358642578
169 B PRO 43.58056640625
170 B THR 93.60824584960938
171 B GLN 248.63819885253906
172 B GLN 192.98062133789063
173 B ASP 22.539348602294922
174 B VAL 108.16553497314453
175 B LEU 200.0305633544922
176 B ARG 166.5745391845703
177 B THR 63.832027435302734
178 B ARG 169.2943115234375
179 B VAL 172.35142517089844
180 B LYS 170.2686004638672
181 B THR 140.35086059570313
182 B THR 139.5928192138672
183 B GLY 135.160888671875
184 B ILE 170.8082733154297
185 B VAL 175.49842834472656
186 B GLU 193.83566284179688
187 B THR 98.53516387939453
188 B HIS 114.07843017578125
189 B PHE 233.4623565673828
190 B THR 221.19198608398438
191 B PHE 82.90728759765625
192 B LYS 199.25694274902344
193 B ASP 230.54417419433594
194 B LEU 162.23448181152344
195 B HIS 98.15788269042969
196 B PHE 86.3589859008789
197 B LYS 149.69168090820313
198 B MET 118.52239227294922
199 B PHE 130.98487854003906
200 B ASP 89.6566390991211
201 B VAL 101.45909881591797
202 B GLY 273.7564392089844
203 B GLY 139.02586364746094
204 B GLN 170.6419219970703
205 B ARG 249.2879638671875
206 B SER 262.5083923339844
207 B GLU 228.30331420898438
208 B ARG 230.49049377441406
209 B LYS 211.42654418945313
210 B LYS 284.6793518066406
211 B TRP 124.91290283203125
212 B ILE 189.08804321289063
213 B HIS 171.4005126953125
214 B CYS 195.1885528564453
215 B PHE 168.7658233642578
216 B GLU 179.20921325683594
217 B GLY 96.69638061523438
218 B VAL 86.67689514160156
219 B THR 140.79202270507813
220 B ALA 66.6214599609375
221 B ILE 35.556819915771484
222 B ILE 93.07642364501953
223 B PHE 121.54327392578125
224 B CYS 68.13275146484375
225 B VAL 64.27821350097656
226 B ALA 86.02399444580078
227 B LEU 100.5912857055664
228 B SER 55.89523696899414
229 B ASP 87.21976470947266
230 B TYR 66.53453063964844
231 B ASP 86.08721160888672
232 B LEU 108.07564544677734
233 B VAL 155.9524383544922
234 B LEU 187.8889617919922
235 B ALA 59.097755432128906
236 B GLU 178.90313720703125
237 B ASP 193.46209716796875
238 B GLU 152.74246215820313
239 B GLU 178.9357147216797
240 B MET 135.04576110839844
241 B ASN 99.53642272949219
242 B ARG 117.5999755859375
243 B MET 94.32427215576172
244 B HIS 146.3959503173828
245 B GLU 184.99851989746094
246 B SER 87.76158905029297
247 B MET 135.39175415039063
248 B LYS 242.2196502685547
249 B LEU 103.68955993652344
250 B PHE 124.85084533691406
251 B ASP 185.95046997070313
252 B SER 171.71890258789063
253 B ILE 103.68057250976563
254 B CYS 77.47484588623047
255 B ASN 188.8076171875
256 B ASN 134.52899169921875
257 B LYS 234.296875
258 B TRP 224.93370056152344
259 B PHE 55.77460479736328
260 B THR 99.29512023925781
261 B ASP 171.93258666992188
262 B THR 56.956233978271484
263 B SER 64.80340576171875
264 B ILE 75.09382629394531
265 B ILE 18.301977157592773
266 B LEU 49.9972038269043
267 B PHE 65.85820770263672
268 B LEU 28.04456329345703
269 B ASN 30.633682250976563
270 B LYS 102.49465942382813
271 B LYS 126.79495239257813
272 B ASP 88.30660247802734
273 B LEU 93.45061492919922
274 B PHE 137.5089874267578
275 B GLU 137.98390197753906
276 B GLU 164.50918579101563
277 B LYS 68.56615447998047
278 B ILE 124.73578643798828
279 B LYS 182.72470092773438
280 B LYS 179.3757781982422
281 B SER 133.9227294921875
282 B PRO 130.8387451171875
283 B LEU 129.57034301757813
284 B THR 235.346435546875
285 B ILE 183.6733856201172
286 B CYS 105.5411148071289
287 B TYR 96.05274200439453
288 B PRO 217.49276733398438
289 B GLU 175.47425842285156
290 B TYR 138.6573486328125
291 B ALA 194.886962890625
292 B GLY 221.7102508544922
293 B SER 192.95526123046875
294 B ASN 90.4921646118164
295 B THR 72.84192657470703
296 B TYR 129.37286376953125
297 B GLU 153.50914001464844
298 B GLU 94.54684448242188
299 B ALA 11.011347770690918
300 B ALA 27.076961517333984
301 B ALA 39.812503814697266
302 B TYR 30.515430450439453
303 B ILE 30.751258850097656
304 B GLN 66.59234619140625
305 B CYS 56.06291580200195
306 B GLN 73.51367950439453
307 B PHE 38.67999267578125
308 B GLU 19.754575729370117
309 B ASP 70.66014099121094
310 B LEU 67.90393829345703
311 B ASN 9.807756423950195
312 B LYS 41.27727127075195
313 B ARG 192.82717895507813
314 B LYS 83.80075073242188
315 B ASP 94.87924194335938
316 B THR 44.57493209838867
317 B LYS 24.112516403198242
318 B GLU 35.02278518676758
319 B ILE 26.447818756103516
320 B TYR 36.531982421875
321 B THR 45.791385650634766
322 B HIS 39.39508056640625
323 B PHE 101.13088989257813
324 B THR 19.23792266845703
325 B CYS 61.71726989746094
326 B ALA 60.20158386230469
327 B THR 96.93223571777344
328 B ASP 105.26561737060547
329 B THR 49.45484924316406
330 B LYS 88.79054260253906
331 B ASN 36.23649215698242
332 B VAL 80.46937561035156
333 B GLN 110.65316772460938
334 B PHE 90.36979675292969
335 B VAL 31.493650436401367
336 B PHE 35.97137451171875
337 B ASP 88.250732421875
338 B ALA 10.523843765258789
339 B VAL 15.72740650177002
340 B THR 25.950647354125977
341 B ASP 25.860633850097656
342 B VAL 28.080350875854492
343 B ILE 77.18081665039063
344 B ILE 47.2995491027832
345 B LYS 27.644203186035156
346 B ASN 105.57335662841797
347 B ASN 76.83467102050781
348 B LEU 33.142608642578125
349 B LYS 90.83814239501953
350 B ASP 48.29030227661133
351 B CYS 16.525470733642578
352 B GLY 16.588687896728516
353 B LEU 34.17457580566406
354 B PHE 33.21696090698242
