1 A ALA 302.70068359375
2 A ASP 174.33372497558594
3 A ARG 284.8653259277344
4 A PRO 110.86659240722656
5 A HIS 218.6137237548828
6 A TYR 216.42364501953125
7 A ASN 133.89064025878906
8 A TYR 246.89230346679688
9 A TYR 198.2194061279297
10 A ALA 158.64422607421875
11 A THR 117.35881805419922
12 A LEU 166.7969512939453
13 A LEU 91.82328033447266
14 A THR 155.91810607910156
15 A LEU 218.1116943359375
16 A LEU 113.31688690185547
17 A ILE 200.65911865234375
18 A ALA 159.91432189941406
19 A VAL 169.88265991210938
20 A ILE 65.04228210449219
21 A VAL 140.883544921875
22 A PHE 211.68980407714844
23 A GLY 134.16822814941406
24 A ASN 101.2154769897461
25 A VAL 123.87020111083984
26 A LEU 109.90869903564453
27 A VAL 70.79208374023438
28 A CYS 87.43278503417969
29 A MET 169.31495666503906
30 A ALA 76.78346252441406
31 A VAL 80.1172103881836
32 A SER 156.2696990966797
33 A ARG 250.3668670654297
34 A GLU 98.38578033447266
35 A LYS 261.2984924316406
36 A ALA 80.5037612915039
37 A LEU 37.08733367919922
38 A GLN 138.73667907714844
39 A THR 100.31407165527344
40 A THR 87.08572387695313
41 A THR 106.41619873046875
42 A ASN 43.02082824707031
43 A TYR 179.43182373046875
44 A LEU 54.004520416259766
45 A ILE 79.40870666503906
46 A VAL 111.12630462646484
47 A SER 81.69952392578125
48 A LEU 102.93800354003906
49 A ALA 83.80040740966797
50 A VAL 134.52182006835938
51 A ALA 159.66835021972656
52 A ASP 137.8127899169922
53 A LEU 154.27542114257813
54 A LEU 214.57150268554688
55 A VAL 64.24142456054688
56 A ALA 50.97018051147461
57 A THR 158.5339813232422
58 A LEU 182.48646545410156
59 A VAL 33.892398834228516
60 A MET 17.08622932434082
61 A PRO 111.35369873046875
62 A TRP 93.66800689697266
63 A VAL 55.67189025878906
64 A VAL 64.03417205810547
65 A TYR 226.3023681640625
66 A LEU 148.2559814453125
67 A GLU 275.647216796875
68 A VAL 105.15921783447266
69 A VAL 129.29736328125
70 A GLY 145.52517700195313
71 A GLU 110.77167510986328
72 A TRP 56.097537994384766
73 A LYS 138.4440460205078
74 A PHE 138.13333129882813
75 A SER 76.61621856689453
76 A ARG 115.70573425292969
77 A ILE 133.72592163085938
78 A HIS 130.89012145996094
79 A CYS 91.20410919189453
80 A ASP 64.53046417236328
81 A ILE 141.4130096435547
82 A PHE 117.94213104248047
83 A VAL 89.75587463378906
84 A THR 49.045658111572266
85 A LEU 82.57987976074219
86 A ASP 172.13723754882813
87 A VAL 73.47606658935547
88 A MET 63.55754089355469
89 A MET 85.5793685913086
90 A CYS 104.52677917480469
91 A THR 71.5176010131836
92 A ALA 155.5458526611328
93 A SER 43.057918548583984
94 A ILE 115.18104553222656
95 A LEU 123.28050994873047
96 A ASN 72.42713928222656
97 A LEU 104.89798736572266
98 A CYS 58.990821838378906
99 A ALA 100.20600891113281
100 A ILE 223.45469665527344
101 A SER 48.8901252746582
102 A ILE 95.09136962890625
103 A ASP 126.6841049194336
104 A ARG 168.4626922607422
105 A TYR 136.60147094726563
106 A THR 79.52566528320313
107 A ALA 128.69908142089844
108 A VAL 152.051513671875
109 A ALA 86.98894500732422
110 A MET 178.4980926513672
111 A PRO 89.93789672851563
112 A MET 96.42729187011719
113 A LEU 100.39588928222656
114 A TYR 155.7167510986328
115 A ASN 157.09170532226563
116 A THR 153.06289672851563
117 A ARG 271.5299072265625
118 A TYR 167.47012329101563
119 A SER 162.78976440429688
120 A SER 105.19575500488281
121 A LYS 158.7831268310547
122 A ARG 239.85853576660156
123 A ARG 250.8409423828125
124 A VAL 54.751487731933594
125 A THR 116.88207244873047
126 A VAL 86.75582122802734
127 A MET 88.34159088134766
128 A ILE 90.38851928710938
129 A SER 187.77020263671875
130 A ILE 212.558349609375
131 A VAL 56.03912353515625
132 A TRP 163.49215698242188
133 A VAL 142.90643310546875
134 A LEU 108.21739959716797
135 A SER 128.79786682128906
136 A PHE 114.2541275024414
137 A THR 97.77568054199219
138 A ILE 110.50798797607422
139 A SER 90.23558807373047
140 A CYS 59.00518035888672
141 A PRO 95.13922119140625
142 A LEU 103.12195587158203
143 A LEU 194.50038146972656
144 A PHE 191.07977294921875
145 A GLY 236.8356170654297
146 A LEU 162.45384216308594
147 A ASN 154.71563720703125
148 A ASN 234.81570434570313
149 A ALA 113.9280776977539
150 A ASP 99.56066131591797
151 A GLN 217.2688446044922
152 A ASN 124.3658447265625
153 A GLU 133.45657348632813
154 A CYS 105.50679016113281
155 A ILE 261.1730041503906
156 A ILE 167.54995727539063
157 A ALA 87.77581024169922
158 A ASN 138.35325622558594
159 A PRO 99.72171783447266
160 A ALA 113.89457702636719
161 A PHE 167.79727172851563
162 A VAL 115.85972595214844
163 A VAL 95.45968627929688
164 A TYR 199.478515625
165 A SER 124.0248031616211
166 A SER 156.69229125976563
167 A ILE 196.47128295898438
168 A VAL 104.00613403320313
169 A SER 143.79708862304688
170 A PHE 74.36528015136719
171 A TYR 207.01393127441406
172 A VAL 235.0762939453125
173 A PRO 154.828369140625
174 A PHE 81.03114318847656
175 A ILE 129.20510864257813
176 A VAL 165.90884399414063
177 A THR 144.8369598388672
178 A LEU 89.57625579833984
179 A LEU 216.35948181152344
180 A VAL 33.965370178222656
181 A TYR 156.4428253173828
182 A ILE 247.34933471679688
183 A LYS 177.28497314453125
184 A ILE 68.17618560791016
185 A TYR 232.97604370117188
186 A ILE 169.94676208496094
187 A VAL 140.59230041503906
188 A LEU 93.83100891113281
189 A ARG 183.16043090820313
190 A ARG 213.18699645996094
191 A ARG 83.51889038085938
192 A ARG 90.4493637084961
193 A LYS 249.48794555664063
194 A ARG 233.6444091796875
195 A VAL 72.3927230834961
196 A ASN 92.09185028076172
197 A THR 118.76634979248047
198 A LYS 154.49081420898438
199 A ARG 129.0835723876953
200 A SER 142.70228576660156
201 A SER 90.98738098144531
202 A ARG 248.76121520996094
203 A ALA 124.75991821289063
204 A ALA 149.74070739746094
205 A LEU 174.94273376464844
206 A LYS 350.1287536621094
207 A THR 212.246826171875
208 A MET 244.4567108154297
209 A SER 168.30047607421875
210 A ARG 357.5184326171875
211 A ARG 228.76219177246094
212 A LYS 231.05899047851563
213 A LEU 129.357177734375
214 A SER 194.15431213378906
215 A GLN 206.3567657470703
216 A GLN 140.72247314453125
217 A LYS 182.9577178955078
218 A GLU 110.31781768798828
219 A LYS 137.49639892578125
220 A LYS 139.74261474609375
221 A ALA 31.27668571472168
222 A THR 88.29966735839844
223 A GLN 127.50898742675781
224 A MET 56.44191360473633
225 A LEU 58.664337158203125
226 A ALA 77.63358306884766
227 A ILE 126.06758880615234
228 A VAL 47.92730712890625
229 A LEU 76.27693939208984
230 A GLY 30.60702896118164
231 A VAL 66.17807006835938
232 A PHE 90.00141143798828
233 A ILE 120.20872497558594
234 A ILE 186.15574645996094
235 A CYS 110.5001449584961
236 A TRP 59.42091751098633
237 A LEU 247.19801330566406
238 A PRO 183.82461547851563
239 A PHE 175.6571044921875
240 A PHE 144.10140991210938
241 A ILE 153.95419311523438
242 A THR 34.38064193725586
243 A HIS 110.6339111328125
244 A ILE 116.72613525390625
245 A LEU 117.77011108398438
246 A ASN 182.46578979492188
247 A ILE 82.25454711914063
248 A HIS 186.249267578125
249 A CYS 143.69183349609375
250 A ASP 182.27816772460938
251 A CYS 144.88311767578125
252 A ASN 161.73577880859375
253 A ILE 122.51667785644531
254 A PRO 100.09374237060547
255 A PRO 144.55227661132813
256 A VAL 220.8474578857422
257 A LEU 117.9084243774414
258 A TYR 224.09439086914063
259 A SER 149.96060180664063
260 A ALA 77.18177032470703
261 A PHE 105.19879913330078
262 A THR 130.95883178710938
263 A TRP 62.82617950439453
264 A LEU 90.73896789550781
265 A GLY 34.76222229003906
266 A TYR 54.36354446411133
267 A VAL 77.21770477294922
268 A ASN 35.12184524536133
269 A SER 31.653369903564453
270 A ALA 52.694252014160156
271 A VAL 111.56104278564453
272 A ASN 62.20550537109375
273 A PRO 102.52410888671875
274 A ILE 174.43649291992188
275 A ILE 58.115840911865234
276 A TYR 133.77505493164063
277 A THR 123.0782699584961
278 A THR 125.52835845947266
279 A PHE 107.76050567626953
280 A ASN 143.96546936035156
281 A ILE 197.39674377441406
282 A GLU 135.4734649658203
283 A PHE 128.81576538085938
284 A ARG 209.54586791992188
285 A LYS 230.72708129882813
286 A ALA 87.56819915771484
287 A PHE 118.26226043701172
288 A LEU 182.7789764404297
289 A LYS 193.56809997558594
290 A ILE 179.9281768798828
291 A LEU 236.2734375
292 A HIS 259.467041015625
293 A CYS 193.907958984375
1 B MET 302.70068359375
2 B GLY 174.33372497558594
3 B CYS 284.8653259277344
4 B THR 110.86659240722656
5 B VAL 218.6137237548828
6 B SER 216.42364501953125
7 B ALA 133.89064025878906
8 B GLU 246.89230346679688
9 B ASP 198.2194061279297
10 B LYS 158.64422607421875
11 B ALA 117.35881805419922
12 B ALA 166.7969512939453
13 B ALA 91.82328033447266
14 B GLU 155.91810607910156
15 B ARG 218.1116943359375
16 B SER 113.31688690185547
17 B LYS 200.65911865234375
18 B MET 159.91432189941406
19 B ILE 169.88265991210938
20 B ASP 65.04228210449219
21 B LYS 140.883544921875
22 B ASN 211.68980407714844
23 B LEU 134.16822814941406
24 B ARG 101.2154769897461
25 B GLU 123.87020111083984
26 B ASP 109.90869903564453
27 B GLY 70.79208374023438
28 B GLU 87.43278503417969
29 B LYS 169.31495666503906
30 B ALA 76.78346252441406
31 B ALA 80.1172103881836
32 B ARG 156.2696990966797
33 B GLU 250.3668670654297
34 B VAL 98.38578033447266
35 B LYS 261.2984924316406
36 B LEU 80.5037612915039
37 B LEU 37.08733367919922
38 B LEU 138.73667907714844
39 B LEU 100.31407165527344
40 B GLY 87.08572387695313
41 B ALA 106.41619873046875
42 B GLY 43.02082824707031
43 B GLU 179.43182373046875
44 B SER 54.004520416259766
45 B GLY 79.40870666503906
46 B LYS 111.12630462646484
47 B SER 81.69952392578125
48 B THR 102.93800354003906
49 B ILE 83.80040740966797
50 B VAL 134.52182006835938
51 B LYS 159.66835021972656
52 B GLN 137.8127899169922
53 B MET 154.27542114257813
54 B LYS 214.57150268554688
55 B ILE 64.24142456054688
56 B ILE 50.97018051147461
57 B HIS 158.5339813232422
58 B GLU 182.48646545410156
59 B ASP 33.892398834228516
60 B GLY 17.08622932434082
61 B TYR 111.35369873046875
62 B SER 93.66800689697266
63 B GLU 55.67189025878906
64 B GLU 64.03417205810547
65 B GLU 226.3023681640625
66 B CYS 148.2559814453125
67 B ARG 275.647216796875
68 B GLN 105.15921783447266
69 B TYR 129.29736328125
70 B ARG 145.52517700195313
71 B ALA 110.77167510986328
72 B VAL 56.097537994384766
73 B VAL 138.4440460205078
74 B TYR 138.13333129882813
75 B SER 76.61621856689453
76 B ASN 115.70573425292969
77 B THR 133.72592163085938
78 B ILE 130.89012145996094
79 B GLN 91.20410919189453
80 B SER 64.53046417236328
81 B ILE 141.4130096435547
82 B MET 117.94213104248047
83 B ALA 89.75587463378906
84 B ILE 49.045658111572266
85 B VAL 82.57987976074219
86 B LYS 172.13723754882813
87 B ALA 73.47606658935547
88 B MET 63.55754089355469
89 B GLY 85.5793685913086
90 B ASN 104.52677917480469
91 B LEU 71.5176010131836
92 B GLN 155.5458526611328
93 B ILE 43.057918548583984
94 B ASP 115.18104553222656
95 B PHE 123.28050994873047
96 B ALA 72.42713928222656
97 B ASP 104.89798736572266
98 B PRO 58.990821838378906
99 B SER 100.20600891113281
100 B ARG 223.45469665527344
101 B ALA 48.8901252746582
102 B ASP 95.09136962890625
103 B ASP 126.6841049194336
104 B ALA 168.4626922607422
105 B ARG 136.60147094726563
106 B GLN 79.52566528320313
107 B LEU 128.69908142089844
108 B PHE 152.051513671875
109 B ALA 86.98894500732422
110 B LEU 178.4980926513672
111 B SER 89.93789672851563
112 B CYS 96.42729187011719
113 B THR 100.39588928222656
114 B ALA 155.7167510986328
115 B GLU 157.09170532226563
116 B GLU 153.06289672851563
117 B GLN 271.5299072265625
118 B GLY 167.47012329101563
119 B VAL 162.78976440429688
120 B LEU 105.19575500488281
121 B PRO 158.7831268310547
122 B ASP 239.85853576660156
123 B ASP 250.8409423828125
124 B LEU 54.751487731933594
125 B SER 116.88207244873047
126 B GLY 86.75582122802734
127 B VAL 88.34159088134766
128 B ILE 90.38851928710938
129 B ARG 187.77020263671875
130 B ARG 212.558349609375
131 B LEU 56.03912353515625
132 B TRP 163.49215698242188
133 B ALA 142.90643310546875
134 B ASP 108.21739959716797
135 B HIS 128.79786682128906
136 B GLY 114.2541275024414
137 B VAL 97.77568054199219
138 B GLN 110.50798797607422
139 B ALA 90.23558807373047
140 B CYS 59.00518035888672
141 B PHE 95.13922119140625
142 B GLY 103.12195587158203
143 B ARG 194.50038146972656
144 B SER 191.07977294921875
145 B ARG 236.8356170654297
146 B GLU 162.45384216308594
147 B TYR 154.71563720703125
148 B GLN 234.81570434570313
149 B LEU 113.9280776977539
150 B ASN 99.56066131591797
151 B ASP 217.2688446044922
152 B SER 124.3658447265625
153 B ALA 133.45657348632813
154 B ALA 105.50679016113281
155 B TYR 261.1730041503906
156 B TYR 167.54995727539063
157 B LEU 87.77581024169922
158 B ASN 138.35325622558594
159 B ASP 99.72171783447266
160 B LEU 113.89457702636719
161 B GLU 167.79727172851563
162 B ARG 115.85972595214844
163 B ILE 95.45968627929688
164 B ALA 199.478515625
165 B GLN 124.0248031616211
166 B SER 156.69229125976563
167 B ASP 196.47128295898438
168 B TYR 104.00613403320313
169 B ILE 143.79708862304688
170 B PRO 74.36528015136719
171 B THR 207.01393127441406
172 B GLN 235.0762939453125
173 B GLN 154.828369140625
174 B ASP 81.03114318847656
175 B VAL 129.20510864257813
176 B LEU 165.90884399414063
177 B ARG 144.8369598388672
178 B THR 89.57625579833984
179 B ARG 216.35948181152344
180 B VAL 33.965370178222656
181 B LYS 156.4428253173828
182 B THR 247.34933471679688
183 B THR 177.28497314453125
184 B GLY 68.17618560791016
185 B ILE 232.97604370117188
186 B VAL 169.94676208496094
187 B GLU 140.59230041503906
188 B THR 93.83100891113281
189 B HIS 183.16043090820313
190 B PHE 213.18699645996094
191 B THR 83.51889038085938
192 B PHE 90.4493637084961
193 B LYS 249.48794555664063
194 B ASP 233.6444091796875
195 B LEU 72.3927230834961
196 B HIS 92.09185028076172
197 B PHE 118.76634979248047
198 B LYS 154.49081420898438
199 B MET 129.0835723876953
200 B PHE 142.70228576660156
201 B ASP 90.98738098144531
202 B VAL 248.76121520996094
203 B GLY 124.75991821289063
204 B GLY 149.74070739746094
205 B GLN 174.94273376464844
206 B ARG 350.1287536621094
207 B SER 212.246826171875
208 B GLU 244.4567108154297
209 B ARG 168.30047607421875
210 B LYS 357.5184326171875
211 B LYS 228.76219177246094
212 B TRP 231.05899047851563
213 B ILE 129.357177734375
214 B HIS 194.15431213378906
215 B CYS 206.3567657470703
216 B PHE 140.72247314453125
217 B GLU 182.9577178955078
218 B GLY 110.31781768798828
219 B VAL 137.49639892578125
220 B THR 139.74261474609375
221 B ALA 31.27668571472168
222 B ILE 88.29966735839844
223 B ILE 127.50898742675781
224 B PHE 56.44191360473633
225 B CYS 58.664337158203125
226 B VAL 77.63358306884766
227 B ALA 126.06758880615234
228 B LEU 47.92730712890625
229 B SER 76.27693939208984
230 B ALA 30.60702896118164
231 B TYR 66.17807006835938
232 B ASP 90.00141143798828
233 B LEU 120.20872497558594
234 B VAL 186.15574645996094
235 B LEU 110.5001449584961
236 B ALA 59.42091751098633
237 B GLU 247.19801330566406
238 B ASP 183.82461547851563
239 B GLU 175.6571044921875
240 B GLU 144.10140991210938
241 B MET 153.95419311523438
242 B ASN 34.38064193725586
243 B ARG 110.6339111328125
244 B MET 116.72613525390625
245 B HIS 117.77011108398438
246 B GLU 182.46578979492188
247 B SER 82.25454711914063
248 B MET 186.249267578125
249 B LYS 143.69183349609375
250 B LEU 182.27816772460938
251 B PHE 144.88311767578125
252 B ASP 161.73577880859375
253 B SER 122.51667785644531
254 B ILE 100.09374237060547
255 B CYS 144.55227661132813
256 B ASN 220.8474578857422
257 B ASN 117.9084243774414
258 B LYS 224.09439086914063
259 B TRP 149.96060180664063
260 B PHE 77.18177032470703
261 B THR 105.19879913330078
262 B ASP 130.95883178710938
263 B THR 62.82617950439453
264 B SER 90.73896789550781
265 B ILE 34.76222229003906
266 B ILE 54.36354446411133
267 B LEU 77.21770477294922
268 B PHE 35.12184524536133
269 B LEU 31.653369903564453
270 B ASN 52.694252014160156
271 B LYS 111.56104278564453
272 B LYS 62.20550537109375
273 B ASP 102.52410888671875
274 B LEU 174.43649291992188
275 B PHE 58.115840911865234
276 B GLU 133.77505493164063
277 B GLU 123.0782699584961
278 B LYS 125.52835845947266
279 B ILE 107.76050567626953
280 B THR 143.96546936035156
281 B HIS 197.39674377441406
282 B SER 135.4734649658203
283 B PRO 128.81576538085938
284 B LEU 209.54586791992188
285 B THR 230.72708129882813
286 B ILE 87.56819915771484
287 B CYS 118.26226043701172
288 B PHE 182.7789764404297
289 B PRO 193.56809997558594
290 B GLU 179.9281768798828
291 B TYR 236.2734375
292 B THR 259.467041015625
293 B GLY 193.907958984375
294 B ALA 49.36845016479492
295 B ASN 123.2154312133789
296 B LYS 183.16250610351563
297 B TYR 159.36624145507813
298 B ASP 60.649261474609375
299 B GLU 120.25556945800781
300 B ALA 27.730607986450195
301 B ALA 12.748995780944824
302 B SER 31.92314910888672
303 B TYR 35.41039276123047
304 B ILE 29.60472297668457
305 B GLN 48.02582931518555
306 B SER 57.18820571899414
307 B LYS 70.97674560546875
308 B PHE 43.28667068481445
309 B GLU 15.922228813171387
310 B ASP 65.00318908691406
311 B LEU 47.65044403076172
312 B ASN 30.758756637573242
313 B LYS 57.462867736816406
314 B ARG 147.0223846435547
315 B LYS 97.40763854980469
316 B ASP 98.57841491699219
317 B THR 50.75422668457031
318 B LYS 39.23444366455078
319 B GLU 36.8266716003418
320 B ILE 35.26938247680664
321 B TYR 40.8697624206543
322 B THR 49.08182144165039
323 B HIS 47.30678176879883
324 B PHE 104.90229034423828
325 B THR 15.765110969543457
326 B CYS 71.37943267822266
327 B ALA 56.365089416503906
328 B THR 84.24021911621094
329 B ASP 113.20248413085938
330 B THR 85.96776580810547
331 B LYS 109.94682312011719
332 B ASN 32.700157165527344
333 B VAL 75.79668426513672
334 B GLN 63.01607131958008
335 B PHE 64.4812240600586
336 B VAL 29.092029571533203
337 B PHE 24.73183250427246
338 B ASP 86.87287139892578
339 B ALA 11.03009033203125
340 B VAL 30.561275482177734
341 B THR 18.547330856323242
342 B ASP 36.37845993041992
343 B VAL 25.745750427246094
344 B ILE 61.58489227294922
345 B ILE 51.027099609375
346 B LYS 27.130495071411133
347 B ASN 107.28792572021484
348 B ASN 72.15626525878906
349 B LEU 35.49700164794922
350 B LYS 116.9019546508789
351 B ASP 48.03931427001953
352 B CYS 30.700469970703125
353 B GLY 19.663738250732422
354 B LEU 35.70546340942383
355 B PHE 56.71828842163086
